{"/home/travis/build/npmtest/node-npmtest-cli/test.js":{"path":"/home/travis/build/npmtest/node-npmtest-cli/test.js","s":{"1":2,"2":2,"3":2,"4":2,"5":2,"6":2,"7":2,"8":1,"9":2,"10":2,"11":1,"12":1,"13":1,"14":1,"15":2,"16":2,"17":2,"18":2,"19":1,"20":1,"21":2,"22":2,"23":2,"24":1,"25":1,"26":1,"27":1,"28":1,"29":1,"30":1,"31":1,"32":1,"33":1,"34":1,"35":1,"36":1,"37":2,"38":2,"39":1,"40":2,"41":2,"42":1,"43":2,"44":2,"45":1,"46":2,"47":2,"48":1,"49":1,"50":1,"51":1,"52":1},"b":{"1":[2,1,1,1],"2":[1,1,1,1],"3":[1,1],"4":[1,1],"5":[1,1],"6":[1,1],"7":[1,1],"8":[1,1],"9":[1,1,1],"10":[1,1],"11":[1,1],"12":[1,1],"13":[1,1],"14":[1,1],"15":[1,1],"16":[1,1]},"f":{"1":2,"2":2,"3":2,"4":2,"5":2,"6":1,"7":1,"8":2,"9":2,"10":2,"11":2,"12":1},"fnMap":{"1":{"name":"(anonymous_1)","line":12,"loc":{"start":{"line":12,"column":1},"end":{"line":12,"column":13}}},"2":{"name":"(anonymous_2)","line":19,"loc":{"start":{"line":19,"column":5},"end":{"line":19,"column":17}}},"3":{"name":"(anonymous_3)","line":23,"loc":{"start":{"line":23,"column":24},"end":{"line":23,"column":36}}},"4":{"name":"(anonymous_4)","line":61,"loc":{"start":{"line":61,"column":5},"end":{"line":61,"column":17}}},"5":{"name":"(anonymous_5)","line":82,"loc":{"start":{"line":82,"column":5},"end":{"line":82,"column":17}}},"6":{"name":"(anonymous_6)","line":102,"loc":{"start":{"line":102,"column":83},"end":{"line":105,"column":10}},"skip":true},"7":{"name":"(anonymous_7)","line":113,"loc":{"start":{"line":113,"column":77},"end":{"line":116,"column":10}},"skip":true},"8":{"name":"(anonymous_8)","line":129,"loc":{"start":{"line":129,"column":12},"end":{"line":129,"column":40}},"skip":true},"9":{"name":"(anonymous_9)","line":137,"loc":{"start":{"line":137,"column":77},"end":{"line":140,"column":10}},"skip":true},"10":{"name":"(anonymous_10)","line":148,"loc":{"start":{"line":148,"column":83},"end":{"line":151,"column":10}},"skip":true},"11":{"name":"(anonymous_11)","line":159,"loc":{"start":{"line":159,"column":79},"end":{"line":162,"column":10}},"skip":true},"12":{"name":"(anonymous_12)","line":170,"loc":{"start":{"line":170,"column":75},"end":{"line":173,"column":10}},"skip":true}},"statementMap":{"1":{"start":{"line":12,"column":0},"end":{"line":185,"column":5}},"2":{"start":{"line":14,"column":4},"end":{"line":14,"column":14}},"3":{"start":{"line":19,"column":4},"end":{"line":56,"column":9}},"4":{"start":{"line":21,"column":8},"end":{"line":21,"column":19}},"5":{"start":{"line":23,"column":8},"end":{"line":35,"column":13}},"6":{"start":{"line":24,"column":12},"end":{"line":34,"column":13}},"7":{"start":{"line":25,"column":16},"end":{"line":28,"column":30}},"8":{"start":{"line":30,"column":16},"end":{"line":33,"column":27}},"9":{"start":{"line":37,"column":8},"end":{"line":39,"column":21}},"10":{"start":{"line":40,"column":8},"end":{"line":53,"column":9}},"11":{"start":{"line":43,"column":12},"end":{"line":46,"column":14}},"12":{"start":{"line":47,"column":12},"end":{"line":47,"column":18}},"13":{"start":{"line":50,"column":12},"end":{"line":51,"column":46}},"14":{"start":{"line":52,"column":12},"end":{"line":52,"column":18}},"15":{"start":{"line":55,"column":8},"end":{"line":55,"column":35}},"16":{"start":{"line":61,"column":4},"end":{"line":63,"column":9}},"17":{"start":{"line":62,"column":8},"end":{"line":62,"column":15}},"18":{"start":{"line":64,"column":4},"end":{"line":77,"column":5}},"19":{"start":{"line":70,"column":8},"end":{"line":70,"column":14}},"20":{"start":{"line":76,"column":8},"end":{"line":76,"column":14}},"21":{"start":{"line":82,"column":4},"end":{"line":84,"column":9}},"22":{"start":{"line":83,"column":8},"end":{"line":83,"column":15}},"23":{"start":{"line":85,"column":4},"end":{"line":184,"column":5}},"24":{"start":{"line":92,"column":8},"end":{"line":94,"column":63}},"25":{"start":{"line":95,"column":8},"end":{"line":95,"column":14}},"26":{"start":{"line":102,"column":8},"end":{"line":111,"column":10},"skip":true},"27":{"start":{"line":109,"column":12},"end":{"line":109,"column":55},"skip":true},"28":{"start":{"line":110,"column":12},"end":{"line":110,"column":48},"skip":true},"29":{"start":{"line":113,"column":8},"end":{"line":126,"column":10},"skip":true},"30":{"start":{"line":120,"column":12},"end":{"line":120,"column":76},"skip":true},"31":{"start":{"line":121,"column":12},"end":{"line":121,"column":73},"skip":true},"32":{"start":{"line":122,"column":12},"end":{"line":122,"column":74},"skip":true},"33":{"start":{"line":123,"column":12},"end":{"line":123,"column":79},"skip":true},"34":{"start":{"line":124,"column":12},"end":{"line":124,"column":25},"skip":true},"35":{"start":{"line":125,"column":12},"end":{"line":125,"column":45},"skip":true},"36":{"start":{"line":128,"column":8},"end":{"line":135,"column":14},"skip":true},"37":{"start":{"line":133,"column":16},"end":{"line":133,"column":29},"skip":true},"38":{"start":{"line":134,"column":16},"end":{"line":134,"column":55},"skip":true},"39":{"start":{"line":137,"column":8},"end":{"line":146,"column":10},"skip":true},"40":{"start":{"line":144,"column":12},"end":{"line":144,"column":25},"skip":true},"41":{"start":{"line":145,"column":12},"end":{"line":145,"column":45},"skip":true},"42":{"start":{"line":148,"column":8},"end":{"line":157,"column":10},"skip":true},"43":{"start":{"line":155,"column":12},"end":{"line":155,"column":25},"skip":true},"44":{"start":{"line":156,"column":12},"end":{"line":156,"column":48},"skip":true},"45":{"start":{"line":159,"column":8},"end":{"line":168,"column":10},"skip":true},"46":{"start":{"line":166,"column":12},"end":{"line":166,"column":25},"skip":true},"47":{"start":{"line":167,"column":12},"end":{"line":167,"column":46},"skip":true},"48":{"start":{"line":170,"column":8},"end":{"line":179,"column":10},"skip":true},"49":{"start":{"line":177,"column":12},"end":{"line":177,"column":94},"skip":true},"50":{"start":{"line":178,"column":12},"end":{"line":178,"column":48},"skip":true},"51":{"start":{"line":182,"column":8},"end":{"line":182,"column":35},"skip":true},"52":{"start":{"line":183,"column":8},"end":{"line":183,"column":14},"skip":true}},"branchMap":{"1":{"line":25,"type":"binary-expr","locations":[{"start":{"line":25,"column":23},"end":{"line":25,"column":62}},{"start":{"line":26,"column":20},"end":{"line":26,"column":70}},{"start":{"line":27,"column":20},"end":{"line":27,"column":71}},{"start":{"line":28,"column":20},"end":{"line":28,"column":29}}]},"2":{"line":30,"type":"binary-expr","locations":[{"start":{"line":30,"column":23},"end":{"line":30,"column":37}},{"start":{"line":31,"column":20},"end":{"line":31,"column":61}},{"start":{"line":32,"column":20},"end":{"line":32,"column":70}},{"start":{"line":33,"column":20},"end":{"line":33,"column":26}}]},"3":{"line":37,"type":"cond-expr","locations":[{"start":{"line":38,"column":14},"end":{"line":38,"column":20}},{"start":{"line":39,"column":14},"end":{"line":39,"column":20}}]},"4":{"line":40,"type":"switch","locations":[{"start":{"line":42,"column":8},"end":{"line":47,"column":18}},{"start":{"line":49,"column":8},"end":{"line":52,"column":18}}]},"5":{"line":44,"type":"binary-expr","locations":[{"start":{"line":44,"column":16},"end":{"line":44,"column":44}},{"start":{"line":44,"column":48},"end":{"line":44,"column":66}}]},"6":{"line":50,"type":"binary-expr","locations":[{"start":{"line":50,"column":21},"end":{"line":50,"column":49}},{"start":{"line":50,"column":53},"end":{"line":50,"column":72}}]},"7":{"line":64,"type":"switch","locations":[{"start":{"line":69,"column":4},"end":{"line":70,"column":14}},{"start":{"line":75,"column":4},"end":{"line":76,"column":14}}]},"8":{"line":85,"type":"switch","locations":[{"start":{"line":90,"column":4},"end":{"line":95,"column":14}},{"start":{"line":101,"column":4},"end":{"line":183,"column":14},"skip":true}]},"9":{"line":92,"type":"binary-expr","locations":[{"start":{"line":92,"column":18},"end":{"line":92,"column":32}},{"start":{"line":93,"column":12},"end":{"line":93,"column":53}},{"start":{"line":94,"column":12},"end":{"line":94,"column":61}}]},"10":{"line":102,"type":"binary-expr","locations":[{"start":{"line":102,"column":45},"end":{"line":102,"column":79},"skip":true},{"start":{"line":102,"column":83},"end":{"line":111,"column":9},"skip":true}]},"11":{"line":113,"type":"binary-expr","locations":[{"start":{"line":113,"column":42},"end":{"line":113,"column":73},"skip":true},{"start":{"line":113,"column":77},"end":{"line":126,"column":9},"skip":true}]},"12":{"line":128,"type":"binary-expr","locations":[{"start":{"line":128,"column":48},"end":{"line":128,"column":85},"skip":true},{"start":{"line":129,"column":12},"end":{"line":135,"column":13},"skip":true}]},"13":{"line":137,"type":"binary-expr","locations":[{"start":{"line":137,"column":42},"end":{"line":137,"column":73},"skip":true},{"start":{"line":137,"column":77},"end":{"line":146,"column":9},"skip":true}]},"14":{"line":148,"type":"binary-expr","locations":[{"start":{"line":148,"column":45},"end":{"line":148,"column":79},"skip":true},{"start":{"line":148,"column":83},"end":{"line":157,"column":9},"skip":true}]},"15":{"line":159,"type":"binary-expr","locations":[{"start":{"line":159,"column":43},"end":{"line":159,"column":75},"skip":true},{"start":{"line":159,"column":79},"end":{"line":168,"column":9},"skip":true}]},"16":{"line":170,"type":"binary-expr","locations":[{"start":{"line":170,"column":41},"end":{"line":170,"column":71},"skip":true},{"start":{"line":170,"column":75},"end":{"line":179,"column":9},"skip":true}]}},"code":["/* istanbul instrument in package npmtest_cli */","/*jslint","    bitwise: true,","    browser: true,","    maxerr: 8,","    maxlen: 96,","    node: true,","    nomen: true,","    regexp: true,","    stupid: true","*/","(function () {","    'use strict';","    var local;","","","","    // run shared js-env code - pre-init","    (function () {","        // init local","        local = {};","        // init modeJs","        local.modeJs = (function () {","            try {","                return typeof navigator.userAgent === 'string' &&","                    typeof document.querySelector('body') === 'object' &&","                    typeof XMLHttpRequest.prototype.open === 'function' &&","                    'browser';","            } catch (errorCaughtBrowser) {","                return module.exports &&","                    typeof process.versions.node === 'string' &&","                    typeof require('http').createServer === 'function' &&","                    'node';","            }","        }());","        // init global","        local.global = local.modeJs === 'browser'","            ? window","            : global;","        switch (local.modeJs) {","        // re-init local from window.local","        case 'browser':","            local = local.global.utility2.objectSetDefault(","                local.global.utility2_rollup || local.global.local,","                local.global.utility2","            );","            break;","        // re-init local from example.js","        case 'node':","            local = (local.global.utility2_rollup || require('utility2'))","                .requireExampleJsFromReadme();","            break;","        }","        // export local","        local.global.local = local;","    }());","","","","    // run shared js-env code - function","    (function () {","        return;","    }());","    switch (local.modeJs) {","","","","    // run browser js-env code - function","    case 'browser':","        break;","","","","    // run node js-env code - function","    case 'node':","        break;","    }","","","","    // run shared js-env code - post-init","    (function () {","        return;","    }());","    switch (local.modeJs) {","","","","    // run browser js-env code - post-init","    case 'browser':","        // run tests","        local.nop(local.modeTest &&","            document.querySelector('#testRunButton1') &&","            document.querySelector('#testRunButton1').click());","        break;","","","","    // run node js-env code - post-init","    /* istanbul ignore next */","    case 'node':","        local.testCase_buildApidoc_default = local.testCase_buildApidoc_default || function (","            options,","            onError","        ) {","        /*","         * this function will test buildApidoc's default handling-behavior-behavior","         */","            options = { modulePathList: module.paths };","            local.buildApidoc(options, onError);","        };","","        local.testCase_buildApp_default = local.testCase_buildApp_default || function (","            options,","            onError","        ) {","        /*","         * this function will test buildApp's default handling-behavior-behavior","         */","            local.testCase_buildReadme_default(options, local.onErrorThrow);","            local.testCase_buildLib_default(options, local.onErrorThrow);","            local.testCase_buildTest_default(options, local.onErrorThrow);","            local.testCase_buildCustomOrg_default(options, local.onErrorThrow);","            options = [];","            local.buildApp(options, onError);","        };","","        local.testCase_buildCustomOrg_default = local.testCase_buildCustomOrg_default ||","            function (options, onError) {","            /*","             * this function will test buildCustomOrg's default handling-behavior","             */","                options = {};","                local.buildCustomOrg(options, onError);","            };","","        local.testCase_buildLib_default = local.testCase_buildLib_default || function (","            options,","            onError","        ) {","        /*","         * this function will test buildLib's default handling-behavior","         */","            options = {};","            local.buildLib(options, onError);","        };","","        local.testCase_buildReadme_default = local.testCase_buildReadme_default || function (","            options,","            onError","        ) {","        /*","         * this function will test buildReadme's default handling-behavior-behavior","         */","            options = {};","            local.buildReadme(options, onError);","        };","","        local.testCase_buildTest_default = local.testCase_buildTest_default || function (","            options,","            onError","        ) {","        /*","         * this function will test buildTest's default handling-behavior","         */","            options = {};","            local.buildTest(options, onError);","        };","","        local.testCase_webpage_default = local.testCase_webpage_default || function (","            options,","            onError","        ) {","        /*","         * this function will test webpage's default handling-behavior","         */","            options = { modeCoverageMerge: true, url: local.serverLocalHost + '?modeTest=1' };","            local.browserTest(options, onError);","        };","","        // run test-server","        local.testRunServer(local);","        break;","    }","}());",""],"l":{"12":2,"14":2,"19":2,"21":2,"23":2,"24":2,"25":2,"30":1,"37":2,"40":2,"43":1,"47":1,"50":1,"52":1,"55":2,"61":2,"62":2,"64":2,"70":1,"76":1,"82":2,"83":2,"85":2,"92":1,"95":1,"102":1,"109":1,"110":1,"113":1,"120":1,"121":1,"122":1,"123":1,"124":1,"125":1,"128":1,"133":2,"134":2,"137":1,"144":2,"145":2,"148":1,"155":2,"156":2,"159":1,"166":2,"167":2,"170":1,"177":1,"178":1,"182":1,"183":1}},"/home/travis/build/npmtest/node-npmtest-cli/lib.npmtest_cli.js":{"path":"/home/travis/build/npmtest/node-npmtest-cli/lib.npmtest_cli.js","s":{"1":2,"2":2,"3":2,"4":2,"5":2,"6":2,"7":2,"8":1,"9":2,"10":2,"11":2,"12":2,"13":1,"14":1,"15":1,"16":1},"b":{"1":[2,1,1,1],"2":[1,1,1,1],"3":[1,1],"4":[2,2],"5":[1,1]},"f":{"1":2,"2":2,"3":2},"fnMap":{"1":{"name":"(anonymous_1)","line":12,"loc":{"start":{"line":12,"column":1},"end":{"line":12,"column":13}}},"2":{"name":"(anonymous_2)","line":19,"loc":{"start":{"line":19,"column":5},"end":{"line":19,"column":17}}},"3":{"name":"(anonymous_3)","line":23,"loc":{"start":{"line":23,"column":24},"end":{"line":23,"column":36}}}},"statementMap":{"1":{"start":{"line":12,"column":0},"end":{"line":53,"column":5}},"2":{"start":{"line":14,"column":4},"end":{"line":14,"column":14}},"3":{"start":{"line":19,"column":4},"end":{"line":52,"column":9}},"4":{"start":{"line":21,"column":8},"end":{"line":21,"column":19}},"5":{"start":{"line":23,"column":8},"end":{"line":35,"column":13}},"6":{"start":{"line":24,"column":12},"end":{"line":34,"column":13}},"7":{"start":{"line":25,"column":16},"end":{"line":28,"column":30}},"8":{"start":{"line":30,"column":16},"end":{"line":33,"column":27}},"9":{"start":{"line":37,"column":8},"end":{"line":39,"column":21}},"10":{"start":{"line":41,"column":8},"end":{"line":41,"column":54}},"11":{"start":{"line":43,"column":8},"end":{"line":43,"column":48}},"12":{"start":{"line":45,"column":8},"end":{"line":51,"column":9}},"13":{"start":{"line":46,"column":12},"end":{"line":46,"column":54}},"14":{"start":{"line":48,"column":12},"end":{"line":48,"column":35}},"15":{"start":{"line":49,"column":12},"end":{"line":49,"column":49}},"16":{"start":{"line":50,"column":12},"end":{"line":50,"column":43}}},"branchMap":{"1":{"line":25,"type":"binary-expr","locations":[{"start":{"line":25,"column":23},"end":{"line":25,"column":62}},{"start":{"line":26,"column":20},"end":{"line":26,"column":70}},{"start":{"line":27,"column":20},"end":{"line":27,"column":71}},{"start":{"line":28,"column":20},"end":{"line":28,"column":29}}]},"2":{"line":30,"type":"binary-expr","locations":[{"start":{"line":30,"column":23},"end":{"line":30,"column":37}},{"start":{"line":31,"column":20},"end":{"line":31,"column":61}},{"start":{"line":32,"column":20},"end":{"line":32,"column":70}},{"start":{"line":33,"column":20},"end":{"line":33,"column":26}}]},"3":{"line":37,"type":"cond-expr","locations":[{"start":{"line":38,"column":14},"end":{"line":38,"column":20}},{"start":{"line":39,"column":14},"end":{"line":39,"column":20}}]},"4":{"line":41,"type":"binary-expr","locations":[{"start":{"line":41,"column":16},"end":{"line":41,"column":44}},{"start":{"line":41,"column":48},"end":{"line":41,"column":53}}]},"5":{"line":45,"type":"if","locations":[{"start":{"line":45,"column":8},"end":{"line":45,"column":8}},{"start":{"line":45,"column":8},"end":{"line":45,"column":8}}]}},"code":["/* istanbul instrument in package npmtest_cli */","/*jslint","    bitwise: true,","    browser: true,","    maxerr: 8,","    maxlen: 96,","    node: true,","    nomen: true,","    regexp: true,","    stupid: true","*/","(function () {","    'use strict';","    var local;","","","","    // run shared js-env code - pre-init","    (function () {","        // init local","        local = {};","        // init modeJs","        local.modeJs = (function () {","            try {","                return typeof navigator.userAgent === 'string' &&","                    typeof document.querySelector('body') === 'object' &&","                    typeof XMLHttpRequest.prototype.open === 'function' &&","                    'browser';","            } catch (errorCaughtBrowser) {","                return module.exports &&","                    typeof process.versions.node === 'string' &&","                    typeof require('http').createServer === 'function' &&","                    'node';","            }","        }());","        // init global","        local.global = local.modeJs === 'browser'","            ? window","            : global;","        // init utility2_rollup","        local = local.global.utility2_rollup || local;","        // init lib","        local.local = local.npmtest_cli = local;","        // init exports","        if (local.modeJs === 'browser') {","            local.global.utility2_npmtest_cli = local;","        } else {","            module.exports = local;","            module.exports.__dirname = __dirname;","            module.exports.module = module;","        }","    }());","}());",""],"l":{"12":2,"14":2,"19":2,"21":2,"23":2,"24":2,"25":2,"30":1,"37":2,"41":2,"43":2,"45":2,"46":1,"48":1,"49":1,"50":1}},"/home/travis/build/npmtest/node-npmtest-cli/example.js":{"path":"/home/travis/build/npmtest/node-npmtest-cli/example.js","s":{"1":2,"2":2,"3":2,"4":2,"5":2,"6":2,"7":2,"8":1,"9":2,"10":2,"11":2,"12":2,"13":1,"14":2,"15":2,"16":2,"17":2,"18":2,"19":0,"20":2,"21":1,"22":1,"23":1,"24":1,"25":1,"26":0,"27":0,"28":1,"29":1,"30":2,"31":0,"32":0,"33":0,"34":1,"35":2,"36":2,"37":2,"38":2,"39":2,"40":2,"41":0,"42":2,"43":2,"44":2,"45":1,"46":3,"47":1,"48":1,"49":1,"50":1,"51":1,"52":1,"53":1,"54":1,"55":1,"56":1,"57":0,"58":1,"59":6,"60":6,"61":1,"62":2,"63":0,"64":2,"65":1,"66":1,"67":0,"68":0,"69":0,"70":0,"71":0,"72":0,"73":0,"74":0,"75":0,"76":0,"77":0,"78":0,"79":0,"80":0,"81":0,"82":0,"83":0},"b":{"1":[2,1,1,1],"2":[1,1,1,1],"3":[1,1],"4":[2,2],"5":[1,1],"6":[1,1],"7":[2,0],"8":[2,1,1,1,1,1],"9":[0,2,0],"10":[1,1],"11":[2,1,1],"12":[1,0],"13":[0,2],"14":[2,0,0,0,0,0,0],"15":[0,2],"16":[2,0],"17":[1,1],"18":[0,1],"19":[1,2,0,2],"20":[1,0],"21":[1,1],"22":[0,0],"23":[0,0],"24":[0,0],"25":[0,0],"26":[0,0],"27":[0,0],"28":[0,0]},"f":{"1":2,"2":2,"3":2,"4":2,"5":2,"6":2,"7":2,"8":2,"9":3,"10":1,"11":6,"12":0},"fnMap":{"1":{"name":"(anonymous_1)","line":26,"loc":{"start":{"line":26,"column":1},"end":{"line":26,"column":13}}},"2":{"name":"(anonymous_2)","line":33,"loc":{"start":{"line":33,"column":5},"end":{"line":33,"column":17}}},"3":{"name":"(anonymous_3)","line":37,"loc":{"start":{"line":37,"column":24},"end":{"line":37,"column":36}}},"4":{"name":"(anonymous_4)","line":69,"loc":{"start":{"line":69,"column":31},"end":{"line":69,"column":48}},"skip":true},"5":{"name":"(anonymous_5)","line":78,"loc":{"start":{"line":78,"column":26},"end":{"line":78,"column":45}},"skip":true},"6":{"name":"(anonymous_6)","line":123,"loc":{"start":{"line":123,"column":33},"end":{"line":123,"column":48}},"skip":true},"7":{"name":"(anonymous_7)","line":125,"loc":{"start":{"line":125,"column":27},"end":{"line":125,"column":39}},"skip":true},"8":{"name":"(anonymous_8)","line":133,"loc":{"start":{"line":133,"column":59},"end":{"line":133,"column":74}},"skip":true},"9":{"name":"(anonymous_9)","line":143,"loc":{"start":{"line":143,"column":45},"end":{"line":143,"column":62}},"skip":true},"10":{"name":"(anonymous_10)","line":144,"loc":{"start":{"line":144,"column":73},"end":{"line":144,"column":92}},"skip":true},"11":{"name":"(anonymous_11)","line":272,"loc":{"start":{"line":272,"column":51},"end":{"line":272,"column":77}},"skip":true},"12":{"name":"(anonymous_12)","line":314,"loc":{"start":{"line":314,"column":32},"end":{"line":314,"column":61}},"skip":true}},"statementMap":{"1":{"start":{"line":26,"column":0},"end":{"line":325,"column":5}},"2":{"start":{"line":28,"column":4},"end":{"line":28,"column":14}},"3":{"start":{"line":33,"column":4},"end":{"line":60,"column":9}},"4":{"start":{"line":35,"column":8},"end":{"line":35,"column":19}},"5":{"start":{"line":37,"column":8},"end":{"line":49,"column":13}},"6":{"start":{"line":38,"column":12},"end":{"line":48,"column":13}},"7":{"start":{"line":39,"column":16},"end":{"line":42,"column":30}},"8":{"start":{"line":44,"column":16},"end":{"line":47,"column":27}},"9":{"start":{"line":51,"column":8},"end":{"line":53,"column":21}},"10":{"start":{"line":55,"column":8},"end":{"line":57,"column":45}},"11":{"start":{"line":59,"column":8},"end":{"line":59,"column":35}},"12":{"start":{"line":61,"column":4},"end":{"line":324,"column":5}},"13":{"start":{"line":69,"column":8},"end":{"line":121,"column":10},"skip":true},"14":{"start":{"line":70,"column":12},"end":{"line":88,"column":13},"skip":true},"15":{"start":{"line":76,"column":16},"end":{"line":87,"column":19},"skip":true},"16":{"start":{"line":79,"column":20},"end":{"line":86,"column":21},"skip":true},"17":{"start":{"line":82,"column":24},"end":{"line":82,"column":43},"skip":true},"18":{"start":{"line":83,"column":24},"end":{"line":83,"column":30},"skip":true},"19":{"start":{"line":85,"column":24},"end":{"line":85,"column":49},"skip":true},"20":{"start":{"line":89,"column":12},"end":{"line":107,"column":13},"skip":true},"21":{"start":{"line":92,"column":16},"end":{"line":102,"column":17},"skip":true},"22":{"start":{"line":93,"column":20},"end":{"line":93,"column":86},"skip":true},"23":{"start":{"line":94,"column":20},"end":{"line":95,"column":45},"skip":true},"24":{"start":{"line":96,"column":20},"end":{"line":96,"column":42},"skip":true},"25":{"start":{"line":97,"column":20},"end":{"line":97,"column":48},"skip":true},"26":{"start":{"line":100,"column":20},"end":{"line":100,"column":85},"skip":true},"27":{"start":{"line":101,"column":20},"end":{"line":101,"column":96},"skip":true},"28":{"start":{"line":103,"column":16},"end":{"line":103,"column":22},"skip":true},"29":{"start":{"line":106,"column":16},"end":{"line":106,"column":22},"skip":true},"30":{"start":{"line":108,"column":12},"end":{"line":120,"column":13},"skip":true},"31":{"start":{"line":114,"column":16},"end":{"line":119,"column":17},"skip":true},"32":{"start":{"line":116,"column":20},"end":{"line":116,"column":78},"skip":true},"33":{"start":{"line":118,"column":20},"end":{"line":118,"column":47},"skip":true},"34":{"start":{"line":123,"column":8},"end":{"line":141,"column":11},"skip":true},"35":{"start":{"line":124,"column":12},"end":{"line":124,"column":54},"skip":true},"36":{"start":{"line":125,"column":12},"end":{"line":140,"column":14},"skip":true},"37":{"start":{"line":126,"column":16},"end":{"line":126,"column":28},"skip":true},"38":{"start":{"line":127,"column":16},"end":{"line":127,"column":69},"skip":true},"39":{"start":{"line":128,"column":16},"end":{"line":128,"column":75},"skip":true},"40":{"start":{"line":129,"column":16},"end":{"line":131,"column":17},"skip":true},"41":{"start":{"line":130,"column":20},"end":{"line":130,"column":27},"skip":true},"42":{"start":{"line":133,"column":16},"end":{"line":137,"column":36},"skip":true},"43":{"start":{"line":134,"column":20},"end":{"line":136,"column":55},"skip":true},"44":{"start":{"line":139,"column":16},"end":{"line":139,"column":57},"skip":true},"45":{"start":{"line":143,"column":8},"end":{"line":147,"column":11},"skip":true},"46":{"start":{"line":144,"column":12},"end":{"line":146,"column":15},"skip":true},"47":{"start":{"line":145,"column":16},"end":{"line":145,"column":70},"skip":true},"48":{"start":{"line":149,"column":8},"end":{"line":149,"column":31},"skip":true},"49":{"start":{"line":150,"column":8},"end":{"line":150,"column":14},"skip":true},"50":{"start":{"line":158,"column":8},"end":{"line":158,"column":31},"skip":true},"51":{"start":{"line":160,"column":8},"end":{"line":160,"column":33},"skip":true},"52":{"start":{"line":161,"column":8},"end":{"line":161,"column":37},"skip":true},"53":{"start":{"line":162,"column":8},"end":{"line":162,"column":35},"skip":true},"54":{"start":{"line":164,"column":8},"end":{"line":164,"column":50},"skip":true},"55":{"start":{"line":166,"column":8},"end":{"line":256,"column":2},"skip":true},"56":{"start":{"line":258,"column":8},"end":{"line":286,"column":9},"skip":true},"57":{"start":{"line":259,"column":12},"end":{"line":269,"column":14},"skip":true},"58":{"start":{"line":271,"column":12},"end":{"line":285,"column":19},"skip":true},"59":{"start":{"line":274,"column":20},"end":{"line":274,"column":35},"skip":true},"60":{"start":{"line":275,"column":20},"end":{"line":284,"column":21},"skip":true},"61":{"start":{"line":277,"column":24},"end":{"line":277,"column":64},"skip":true},"62":{"start":{"line":279,"column":24},"end":{"line":279,"column":40},"skip":true},"63":{"start":{"line":281,"column":24},"end":{"line":281,"column":40},"skip":true},"64":{"start":{"line":283,"column":24},"end":{"line":283,"column":39},"skip":true},"65":{"start":{"line":288,"column":8},"end":{"line":290,"column":9},"skip":true},"66":{"start":{"line":289,"column":12},"end":{"line":289,"column":18},"skip":true},"67":{"start":{"line":291,"column":8},"end":{"line":293,"column":54},"skip":true},"68":{"start":{"line":294,"column":8},"end":{"line":301,"column":37},"skip":true},"69":{"start":{"line":302,"column":8},"end":{"line":302,"column":82},"skip":true},"70":{"start":{"line":305,"column":8},"end":{"line":307,"column":9},"skip":true},"71":{"start":{"line":306,"column":12},"end":{"line":306,"column":82},"skip":true},"72":{"start":{"line":309,"column":8},"end":{"line":311,"column":9},"skip":true},"73":{"start":{"line":310,"column":12},"end":{"line":310,"column":18},"skip":true},"74":{"start":{"line":312,"column":8},"end":{"line":312,"column":54},"skip":true},"75":{"start":{"line":313,"column":8},"end":{"line":313,"column":69},"skip":true},"76":{"start":{"line":314,"column":8},"end":{"line":322,"column":36},"skip":true},"77":{"start":{"line":315,"column":12},"end":{"line":315,"column":61},"skip":true},"78":{"start":{"line":316,"column":12},"end":{"line":319,"column":13},"skip":true},"79":{"start":{"line":317,"column":16},"end":{"line":317,"column":75},"skip":true},"80":{"start":{"line":318,"column":16},"end":{"line":318,"column":23},"skip":true},"81":{"start":{"line":320,"column":12},"end":{"line":320,"column":38},"skip":true},"82":{"start":{"line":321,"column":12},"end":{"line":321,"column":27},"skip":true},"83":{"start":{"line":323,"column":8},"end":{"line":323,"column":14},"skip":true}},"branchMap":{"1":{"line":39,"type":"binary-expr","locations":[{"start":{"line":39,"column":23},"end":{"line":39,"column":62}},{"start":{"line":40,"column":20},"end":{"line":40,"column":70}},{"start":{"line":41,"column":20},"end":{"line":41,"column":71}},{"start":{"line":42,"column":20},"end":{"line":42,"column":29}}]},"2":{"line":44,"type":"binary-expr","locations":[{"start":{"line":44,"column":23},"end":{"line":44,"column":37}},{"start":{"line":45,"column":20},"end":{"line":45,"column":61}},{"start":{"line":46,"column":20},"end":{"line":46,"column":70}},{"start":{"line":47,"column":20},"end":{"line":47,"column":26}}]},"3":{"line":51,"type":"cond-expr","locations":[{"start":{"line":52,"column":14},"end":{"line":52,"column":20}},{"start":{"line":53,"column":14},"end":{"line":53,"column":20}}]},"4":{"line":55,"type":"binary-expr","locations":[{"start":{"line":55,"column":16},"end":{"line":55,"column":44}},{"start":{"line":55,"column":49},"end":{"line":57,"column":43}}]},"5":{"line":55,"type":"cond-expr","locations":[{"start":{"line":56,"column":14},"end":{"line":56,"column":47}},{"start":{"line":57,"column":14},"end":{"line":57,"column":43}}]},"6":{"line":61,"type":"switch","locations":[{"start":{"line":68,"column":4},"end":{"line":150,"column":14},"skip":true},{"start":{"line":156,"column":4},"end":{"line":323,"column":14},"skip":true}]},"7":{"line":70,"type":"if","locations":[{"start":{"line":70,"column":12},"end":{"line":70,"column":12},"skip":true},{"start":{"line":70,"column":12},"end":{"line":70,"column":12},"skip":true}]},"8":{"line":70,"type":"binary-expr","locations":[{"start":{"line":70,"column":16},"end":{"line":70,"column":22},"skip":true},{"start":{"line":70,"column":27},"end":{"line":70,"column":32},"skip":true},{"start":{"line":71,"column":20},"end":{"line":71,"column":39},"skip":true},{"start":{"line":72,"column":20},"end":{"line":72,"column":49},"skip":true},{"start":{"line":73,"column":20},"end":{"line":73,"column":58},"skip":true},{"start":{"line":74,"column":20},"end":{"line":74,"column":69},"skip":true}]},"9":{"line":79,"type":"switch","locations":[{"start":{"line":80,"column":20},"end":{"line":80,"column":33},"skip":true},{"start":{"line":81,"column":20},"end":{"line":83,"column":30},"skip":true},{"start":{"line":84,"column":20},"end":{"line":85,"column":49},"skip":true}]},"10":{"line":89,"type":"switch","locations":[{"start":{"line":90,"column":12},"end":{"line":103,"column":22},"skip":true},{"start":{"line":105,"column":12},"end":{"line":106,"column":22},"skip":true}]},"11":{"line":89,"type":"binary-expr","locations":[{"start":{"line":89,"column":20},"end":{"line":89,"column":25},"skip":true},{"start":{"line":89,"column":29},"end":{"line":89,"column":48},"skip":true},{"start":{"line":89,"column":52},"end":{"line":89,"column":74},"skip":true}]},"12":{"line":92,"type":"if","locations":[{"start":{"line":92,"column":16},"end":{"line":92,"column":16},"skip":true},{"start":{"line":92,"column":16},"end":{"line":92,"column":16},"skip":true}]},"13":{"line":108,"type":"if","locations":[{"start":{"line":108,"column":12},"end":{"line":108,"column":12},"skip":true},{"start":{"line":108,"column":12},"end":{"line":108,"column":12},"skip":true}]},"14":{"line":108,"type":"binary-expr","locations":[{"start":{"line":108,"column":16},"end":{"line":108,"column":61},"skip":true},{"start":{"line":108,"column":66},"end":{"line":108,"column":72},"skip":true},{"start":{"line":108,"column":77},"end":{"line":108,"column":82},"skip":true},{"start":{"line":109,"column":20},"end":{"line":109,"column":39},"skip":true},{"start":{"line":110,"column":20},"end":{"line":110,"column":49},"skip":true},{"start":{"line":111,"column":20},"end":{"line":111,"column":58},"skip":true},{"start":{"line":112,"column":20},"end":{"line":112,"column":68},"skip":true}]},"15":{"line":129,"type":"if","locations":[{"start":{"line":129,"column":16},"end":{"line":129,"column":16},"skip":true},{"start":{"line":129,"column":16},"end":{"line":129,"column":16},"skip":true}]},"16":{"line":134,"type":"cond-expr","locations":[{"start":{"line":135,"column":26},"end":{"line":135,"column":29},"skip":true},{"start":{"line":136,"column":26},"end":{"line":136,"column":54},"skip":true}]},"17":{"line":164,"type":"binary-expr","locations":[{"start":{"line":164,"column":27},"end":{"line":164,"column":43},"skip":true},{"start":{"line":164,"column":47},"end":{"line":164,"column":49},"skip":true}]},"18":{"line":258,"type":"if","locations":[{"start":{"line":258,"column":8},"end":{"line":258,"column":8},"skip":true},{"start":{"line":258,"column":8},"end":{"line":258,"column":8},"skip":true}]},"19":{"line":275,"type":"switch","locations":[{"start":{"line":276,"column":20},"end":{"line":277,"column":64},"skip":true},{"start":{"line":278,"column":20},"end":{"line":279,"column":40},"skip":true},{"start":{"line":280,"column":20},"end":{"line":281,"column":40},"skip":true},{"start":{"line":282,"column":20},"end":{"line":283,"column":39},"skip":true}]},"20":{"line":288,"type":"if","locations":[{"start":{"line":288,"column":8},"end":{"line":288,"column":8},"skip":true},{"start":{"line":288,"column":8},"end":{"line":288,"column":8},"skip":true}]},"21":{"line":288,"type":"binary-expr","locations":[{"start":{"line":288,"column":12},"end":{"line":288,"column":40},"skip":true},{"start":{"line":288,"column":44},"end":{"line":288,"column":67},"skip":true}]},"22":{"line":292,"type":"binary-expr","locations":[{"start":{"line":292,"column":12},"end":{"line":292,"column":50},"skip":true},{"start":{"line":293,"column":12},"end":{"line":293,"column":53},"skip":true}]},"23":{"line":295,"type":"binary-expr","locations":[{"start":{"line":295,"column":12},"end":{"line":295,"column":61},"skip":true},{"start":{"line":296,"column":12},"end":{"line":301,"column":36},"skip":true}]},"24":{"line":302,"type":"binary-expr","locations":[{"start":{"line":302,"column":43},"end":{"line":302,"column":75},"skip":true},{"start":{"line":302,"column":79},"end":{"line":302,"column":81},"skip":true}]},"25":{"line":305,"type":"if","locations":[{"start":{"line":305,"column":8},"end":{"line":305,"column":8},"skip":true},{"start":{"line":305,"column":8},"end":{"line":305,"column":8},"skip":true}]},"26":{"line":309,"type":"if","locations":[{"start":{"line":309,"column":8},"end":{"line":309,"column":8},"skip":true},{"start":{"line":309,"column":8},"end":{"line":309,"column":8},"skip":true}]},"27":{"line":312,"type":"binary-expr","locations":[{"start":{"line":312,"column":27},"end":{"line":312,"column":43},"skip":true},{"start":{"line":312,"column":47},"end":{"line":312,"column":53},"skip":true}]},"28":{"line":316,"type":"if","locations":[{"start":{"line":316,"column":12},"end":{"line":316,"column":12},"skip":true},{"start":{"line":316,"column":12},"end":{"line":316,"column":12},"skip":true}]}},"code":["/*","example.js","","quickstart example","","instruction","    1. save this script as example.js","    2. run the shell command:","        $ npm install npmtest-cli && PORT=8081 node example.js","    3. play with the browser-demo on http://127.0.0.1:8081","*/","","","","/* istanbul instrument in package npmtest_cli */","/*jslint","    bitwise: true,","    browser: true,","    maxerr: 8,","    maxlen: 96,","    node: true,","    nomen: true,","    regexp: true,","    stupid: true","*/","(function () {","    'use strict';","    var local;","","","","    // run shared js-env code - pre-init","    (function () {","        // init local","        local = {};","        // init modeJs","        local.modeJs = (function () {","            try {","                return typeof navigator.userAgent === 'string' &&","                    typeof document.querySelector('body') === 'object' &&","                    typeof XMLHttpRequest.prototype.open === 'function' &&","                    'browser';","            } catch (errorCaughtBrowser) {","                return module.exports &&","                    typeof process.versions.node === 'string' &&","                    typeof require('http').createServer === 'function' &&","                    'node';","            }","        }());","        // init global","        local.global = local.modeJs === 'browser'","            ? window","            : global;","        // init utility2_rollup","        local = local.global.utility2_rollup || (local.modeJs === 'browser'","            ? local.global.utility2_npmtest_cli","            : global.utility2_moduleExports);","        // export local","        local.global.local = local;","    }());","    switch (local.modeJs) {","","","","    // post-init","    // run browser js-env code - post-init","    /* istanbul ignore next */","    case 'browser':","        local.testRunBrowser = function (event) {","            if (!event || (event &&","                    event.currentTarget &&","                    event.currentTarget.className &&","                    event.currentTarget.className.includes &&","                    event.currentTarget.className.includes('onreset'))) {","                // reset output","                Array.from(","                    document.querySelectorAll('body > .resettable')","                ).forEach(function (element) {","                    switch (element.tagName) {","                    case 'INPUT':","                    case 'TEXTAREA':","                        element.value = '';","                        break;","                    default:","                        element.textContent = '';","                    }","                });","            }","            switch (event && event.currentTarget && event.currentTarget.id) {","            case 'testRunButton1':","                // show tests","                if (document.querySelector('#testReportDiv1').style.display === 'none') {","                    document.querySelector('#testReportDiv1').style.display = 'block';","                    document.querySelector('#testRunButton1').textContent =","                        'hide internal test';","                    local.modeTest = true;","                    local.testRunDefault(local);","                // hide tests","                } else {","                    document.querySelector('#testReportDiv1').style.display = 'none';","                    document.querySelector('#testRunButton1').textContent = 'run internal test';","                }","                break;","            // custom-case","            default:","                break;","            }","            if (document.querySelector('#inputTextareaEval1') && (!event || (event &&","                    event.currentTarget &&","                    event.currentTarget.className &&","                    event.currentTarget.className.includes &&","                    event.currentTarget.className.includes('oneval')))) {","                // try to eval input-code","                try {","                    /*jslint evil: true*/","                    eval(document.querySelector('#inputTextareaEval1').value);","                } catch (errorCaught) {","                    console.error(errorCaught);","                }","            }","        };","        // log stderr and stdout to #outputTextareaStdout1","        ['error', 'log'].forEach(function (key) {","            console[key + '_original'] = console[key];","            console[key] = function () {","                var element;","                console[key + '_original'].apply(console, arguments);","                element = document.querySelector('#outputTextareaStdout1');","                if (!element) {","                    return;","                }","                // append text to #outputTextareaStdout1","                element.value += Array.from(arguments).map(function (arg) {","                    return typeof arg === 'string'","                        ? arg","                        : JSON.stringify(arg, null, 4);","                }).join(' ') + '\\n';","                // scroll textarea to bottom","                element.scrollTop = element.scrollHeight;","            };","        });","        // init event-handling","        ['change', 'click', 'keyup'].forEach(function (event) {","            Array.from(document.querySelectorAll('.on' + event)).forEach(function (element) {","                element.addEventListener(event, local.testRunBrowser);","            });","        });","        // run tests","        local.testRunBrowser();","        break;","","","","    // run node js-env code - post-init","    /* istanbul ignore next */","    case 'node':","        // export local","        module.exports = local;","        // require modules","        local.fs = require('fs');","        local.http = require('http');","        local.url = require('url');","        // init assets","        local.assetsDict = local.assetsDict || {};","        /* jslint-ignore-begin */","        local.assetsDict['/assets.index.template.html'] = '\\","<!doctype html>\\n\\","<html lang=\"en\">\\n\\","<head>\\n\\","<meta charset=\"UTF-8\">\\n\\","<meta name=\"viewport\" content=\"width=device-width, initial-scale=1\">\\n\\","<title>{{env.npm_package_name}} (v{{env.npm_package_version}})</title>\\n\\","<style>\\n\\","/*csslint\\n\\","    box-sizing: false,\\n\\","    universal-selector: false\\n\\","*/\\n\\","* {\\n\\","    box-sizing: border-box;\\n\\","}\\n\\","body {\\n\\","    background: #dde;\\n\\","    font-family: Arial, Helvetica, sans-serif;\\n\\","    margin: 2rem;\\n\\","}\\n\\","body > * {\\n\\","    margin-bottom: 1rem;\\n\\","}\\n\\",".utility2FooterDiv {\\n\\","    margin-top: 20px;\\n\\","    text-align: center;\\n\\","}\\n\\","</style>\\n\\","<style>\\n\\","/*csslint\\n\\","*/\\n\\","textarea {\\n\\","    font-family: monospace;\\n\\","    height: 10rem;\\n\\","    width: 100%;\\n\\","}\\n\\","textarea[readonly] {\\n\\","    background: #ddd;\\n\\","}\\n\\","</style>\\n\\","</head>\\n\\","<body>\\n\\","<!-- utility2-comment\\n\\","<div id=\"ajaxProgressDiv1\" style=\"background: #d00; height: 2px; left: 0; margin: 0; padding: 0; position: fixed; top: 0; transition: background 0.5s, width 1.5s; width: 25%;\"></div>\\n\\","utility2-comment -->\\n\\","<h1>\\n\\","<!-- utility2-comment\\n\\","    <a\\n\\","        {{#if env.npm_package_homepage}}\\n\\","        href=\"{{env.npm_package_homepage}}\"\\n\\","        {{/if env.npm_package_homepage}}\\n\\","        target=\"_blank\"\\n\\","    >\\n\\","utility2-comment -->\\n\\","        {{env.npm_package_name}} (v{{env.npm_package_version}})\\n\\","<!-- utility2-comment\\n\\","    </a>\\n\\","utility2-comment -->\\n\\","</h1>\\n\\","<h3>{{env.npm_package_description}}</h3>\\n\\","<!-- utility2-comment\\n\\","<h4><a download href=\"assets.app.js\">download standalone app</a></h4>\\n\\","<button class=\"onclick onreset\" id=\"testRunButton1\">run internal test</button><br>\\n\\","<div id=\"testReportDiv1\" style=\"display: none;\"></div>\\n\\","utility2-comment -->\\n\\","\\n\\","\\n\\","\\n\\","<label>stderr and stdout</label>\\n\\","<textarea class=\"resettable\" id=\"outputTextareaStdout1\" readonly></textarea>\\n\\","<!-- utility2-comment\\n\\","{{#if isRollup}}\\n\\","<script src=\"assets.app.js\"></script>\\n\\","{{#unless isRollup}}\\n\\","utility2-comment -->\\n\\","<script src=\"assets.utility2.rollup.js\"></script>\\n\\","<script src=\"jsonp.utility2._stateInit?callback=window.utility2._stateInit\"></script>\\n\\","<script src=\"assets.npmtest_cli.rollup.js\"></script>\\n\\","<script src=\"assets.example.js\"></script>\\n\\","<script src=\"assets.test.js\"></script>\\n\\","<!-- utility2-comment\\n\\","{{/if isRollup}}\\n\\","utility2-comment -->\\n\\","<div class=\"utility2FooterDiv\">\\n\\","    [ this app was created with\\n\\","    <a href=\"https://github.com/kaizhu256/node-utility2\" target=\"_blank\">utility2</a>\\n\\","    ]\\n\\","</div>\\n\\","</body>\\n\\","</html>\\n\\","';","        /* jslint-ignore-end */","        if (local.templateRender) {","            local.assetsDict['/'] = local.templateRender(","                local.assetsDict['/assets.index.template.html'],","                {","                    env: local.objectSetDefault(local.env, {","                        npm_package_description: 'the greatest app in the world!',","                        npm_package_name: 'my-app',","                        npm_package_nameAlias: 'my_app',","                        npm_package_version: '0.0.1'","                    })","                }","            );","        } else {","            local.assetsDict['/'] = local.assetsDict['/assets.index.template.html']","                .replace((/\\{\\{env\\.(\\w+?)\\}\\}/g), function (match0, match1) {","                    // jslint-hack","                    String(match0);","                    switch (match1) {","                    case 'npm_package_description':","                        return 'the greatest app in the world!';","                    case 'npm_package_name':","                        return 'my-app';","                    case 'npm_package_nameAlias':","                        return 'my_app';","                    case 'npm_package_version':","                        return '0.0.1';","                    }","                });","        }","        // run the cli","        if (local.global.utility2_rollup || module !== require.main) {","            break;","        }","        local.assetsDict['/assets.example.js'] =","            local.assetsDict['/assets.example.js'] ||","            local.fs.readFileSync(__filename, 'utf8');","        local.assetsDict['/assets.npmtest_cli.rollup.js'] =","            local.assetsDict['/assets.npmtest_cli.rollup.js'] ||","            local.fs.readFileSync(","                // buildCustomOrg-hack","                local.npmtest_cli.__dirname +","                    '/lib.npmtest_cli.js',","                'utf8'","            ).replace((/^#!/), '//');","        local.assetsDict['/favicon.ico'] = local.assetsDict['/favicon.ico'] || '';","        // if $npm_config_timeout_exit exists,","        // then exit this process after $npm_config_timeout_exit ms","        if (Number(process.env.npm_config_timeout_exit)) {","            setTimeout(process.exit, Number(process.env.npm_config_timeout_exit));","        }","        // start server","        if (local.global.utility2_serverHttp1) {","            break;","        }","        process.env.PORT = process.env.PORT || '8081';","        console.error('server starting on port ' + process.env.PORT);","        local.http.createServer(function (request, response) {","            request.urlParsed = local.url.parse(request.url);","            if (local.assetsDict[request.urlParsed.pathname] !== undefined) {","                response.end(local.assetsDict[request.urlParsed.pathname]);","                return;","            }","            response.statusCode = 404;","            response.end();","        }).listen(process.env.PORT);","        break;","    }","}());",""],"l":{"26":2,"28":2,"33":2,"35":2,"37":2,"38":2,"39":2,"44":1,"51":2,"55":2,"59":2,"61":2,"69":1,"70":2,"76":2,"79":2,"82":2,"83":2,"85":1,"89":2,"92":1,"93":1,"94":1,"96":1,"97":1,"100":1,"101":1,"103":1,"106":1,"108":2,"114":1,"116":1,"118":1,"123":1,"124":2,"125":2,"126":2,"127":2,"128":2,"129":2,"130":1,"133":2,"134":2,"139":2,"143":1,"144":3,"145":1,"149":1,"150":1,"158":1,"160":1,"161":1,"162":1,"164":1,"166":1,"258":1,"259":1,"271":1,"274":6,"275":6,"277":1,"279":2,"281":1,"283":2,"288":1,"289":1,"291":1,"294":1,"302":1,"305":1,"306":1,"309":1,"310":1,"312":1,"313":1,"314":1,"315":1,"316":1,"317":1,"318":1,"320":1,"321":1,"323":1}},"/home/travis/build/npmtest/node-npmtest-cli/node_modules/cli/cli.js":{"path":"/home/travis/build/npmtest/node-npmtest-cli/node_modules/cli/cli.js","s":{"1":1,"2":1,"3":1,"4":1,"5":1,"6":1,"7":1,"8":1,"9":1,"10":1,"11":1,"12":1,"13":83,"14":83,"15":83,"16":1,"17":1,"18":83,"19":1,"20":1,"21":1,"22":1,"23":0,"24":1,"25":1,"26":0,"27":0,"28":0,"29":0,"30":0,"31":0,"32":0,"33":0,"34":0,"35":0,"36":0,"37":0,"38":1,"39":0,"40":0,"41":0,"42":0,"43":1,"44":1,"45":0,"46":1,"47":1,"48":1,"49":1,"50":1,"51":1,"52":1,"53":1,"54":1,"55":1,"56":1,"57":1,"58":0,"59":0,"60":0,"61":0,"62":0,"63":0,"64":0,"65":0,"66":0,"67":0,"68":0,"69":0,"70":0,"71":0,"72":0,"73":0,"74":0,"75":0,"76":0,"77":0,"78":0,"79":0,"80":0,"81":0,"82":0,"83":0,"84":0,"85":0,"86":0,"87":0,"88":0,"89":0,"90":0,"91":0,"92":1,"93":0,"94":0,"95":0,"96":0,"97":0,"98":0,"99":0,"100":0,"101":0,"102":0,"103":0,"104":0,"105":0,"106":0,"107":0,"108":0,"109":0,"110":0,"111":0,"112":0,"113":0,"114":0,"115":0,"116":0,"117":0,"118":0,"119":0,"120":0,"121":0,"122":0,"123":0,"124":0,"125":0,"126":0,"127":0,"128":0,"129":0,"130":0,"131":0,"132":0,"133":0,"134":0,"135":0,"136":0,"137":0,"138":0,"139":0,"140":0,"141":0,"142":0,"143":0,"144":0,"145":0,"146":0,"147":0,"148":0,"149":0,"150":0,"151":0,"152":0,"153":0,"154":0,"155":0,"156":0,"157":0,"158":0,"159":0,"160":0,"161":0,"162":0,"163":0,"164":0,"165":0,"166":0,"167":0,"168":0,"169":0,"170":0,"171":0,"172":0,"173":0,"174":0,"175":0,"176":0,"177":0,"178":0,"179":0,"180":0,"181":0,"182":0,"183":0,"184":0,"185":0,"186":0,"187":1,"188":0,"189":0,"190":0,"191":0,"192":0,"193":0,"194":0,"195":0,"196":0,"197":0,"198":0,"199":0,"200":0,"201":0,"202":0,"203":0,"204":0,"205":0,"206":0,"207":0,"208":0,"209":0,"210":0,"211":1,"212":0,"213":0,"214":0,"215":0,"216":0,"217":0,"218":0,"219":0,"220":0,"221":0,"222":0,"223":0,"224":0,"225":0,"226":0,"227":0,"228":0,"229":1,"230":5,"231":0,"232":1,"233":0,"234":0,"235":0,"236":0,"237":0,"238":1,"239":0,"240":0,"241":0,"242":0,"243":0,"244":0,"245":0,"246":0,"247":0,"248":0,"249":0,"250":0,"251":0,"252":0,"253":0,"254":0,"255":1,"256":0,"257":0,"258":1,"259":0,"260":0,"261":0,"262":0,"263":0,"264":0,"265":0,"266":0,"267":1,"268":0,"269":0,"270":0,"271":0,"272":0,"273":0,"274":0,"275":0,"276":0,"277":0,"278":0,"279":0,"280":0,"281":0,"282":0,"283":0,"284":0,"285":0,"286":0,"287":0,"288":0,"289":0,"290":0,"291":0,"292":0,"293":0,"294":0,"295":0,"296":0,"297":0,"298":0,"299":0,"300":0,"301":0,"302":0,"303":0,"304":0,"305":0,"306":0,"307":0,"308":0,"309":0,"310":0,"311":0,"312":0,"313":0,"314":0,"315":0,"316":0,"317":0,"318":0,"319":0,"320":0,"321":0,"322":0,"323":0,"324":0,"325":0,"326":0,"327":0,"328":0,"329":0,"330":0,"331":0,"332":0,"333":0,"334":0,"335":0,"336":0,"337":0,"338":0,"339":0,"340":0,"341":0,"342":0,"343":1,"344":0,"345":0,"346":1,"347":0,"348":0,"349":0,"350":0,"351":0,"352":0,"353":0,"354":0,"355":0,"356":0,"357":0,"358":0,"359":0,"360":0,"361":0,"362":0,"363":0,"364":0,"365":0,"366":0,"367":1,"368":0,"369":0,"370":0,"371":0,"372":0,"373":0,"374":1,"375":0,"376":0,"377":0,"378":0,"379":0,"380":0,"381":0,"382":1,"383":0,"384":0,"385":0,"386":0,"387":1,"388":0,"389":0,"390":0,"391":0,"392":0,"393":1,"394":0,"395":0,"396":0,"397":0,"398":1,"399":0,"400":0,"401":0,"402":0,"403":1,"404":0,"405":0,"406":0,"407":0,"408":0,"409":1,"410":0,"411":0,"412":0,"413":0,"414":1,"415":0,"416":0,"417":0,"418":0,"419":0,"420":0,"421":0,"422":0,"423":0,"424":1,"425":0,"426":0,"427":0,"428":1,"429":0,"430":0,"431":0,"432":0,"433":0,"434":0,"435":0,"436":0,"437":0,"438":0,"439":0,"440":0,"441":0,"442":0,"443":0,"444":0,"445":0,"446":0,"447":0,"448":0,"449":0,"450":0,"451":0,"452":0,"453":0,"454":0,"455":0,"456":0,"457":0,"458":0,"459":0,"460":0,"461":0,"462":0,"463":0,"464":1,"465":0,"466":1,"467":0,"468":1,"469":0,"470":0,"471":0,"472":0,"473":0,"474":0,"475":0,"476":1,"477":0,"478":1,"479":0,"480":0,"481":0,"482":0,"483":0,"484":0,"485":0,"486":0,"487":0,"488":0,"489":0,"490":0,"491":0,"492":0,"493":0,"494":0,"495":0,"496":0,"497":0,"498":0,"499":0,"500":0,"501":1,"502":0,"503":0,"504":0,"505":0,"506":0,"507":0,"508":0,"509":0,"510":1,"511":1,"512":0,"513":0,"514":0,"515":0,"516":0,"517":0,"518":0,"519":0,"520":0,"521":0,"522":0,"523":0,"524":0,"525":0,"526":0,"527":0,"528":0,"529":0,"530":0,"531":0,"532":0,"533":0,"534":0,"535":0,"536":0,"537":0,"538":0,"539":0,"540":0,"541":0,"542":0,"543":0,"544":0,"545":1,"546":1,"547":0,"548":0,"549":0,"550":0,"551":0,"552":0,"553":0,"554":0,"555":0,"556":0,"557":0,"558":0,"559":0,"560":0,"561":0,"562":0,"563":0},"b":{"1":[0,1],"2":[1,1],"3":[0,0,0,0,0,0,0,0],"4":[0,0],"5":[0,0],"6":[0,1],"7":[1,0],"8":[1,1,0,0],"9":[0,0],"10":[0,0],"11":[0,0],"12":[0,0],"13":[0,0],"14":[0,0],"15":[0,0],"16":[0,0],"17":[0,0],"18":[0,0],"19":[0,0],"20":[0,0],"21":[0,0,0,0],"22":[0,0],"23":[0,0],"24":[0,0],"25":[0,0],"26":[0,0],"27":[0,0],"28":[0,0],"29":[0,0],"30":[0,0],"31":[0,0],"32":[0,0],"33":[0,0],"34":[0,0],"35":[0,0],"36":[0,0],"37":[0,0],"38":[0,0,0,0,0,0,0,0,0,0,0,0,0,0,0,0,0,0,0,0,0,0,0,0,0,0,0,0,0,0,0,0,0,0,0,0],"39":[0,0],"40":[0,0],"41":[0,0,0],"42":[0,0],"43":[0,0,0],"44":[0,0],"45":[0,0],"46":[0,0,0],"47":[0,0],"48":[0,0,0],"49":[0,0],"50":[0,0],"51":[0,0],"52":[0,0],"53":[0,0,0],"54":[0,0],"55":[0,0],"56":[0,0],"57":[0,0],"58":[0,0],"59":[0,0],"60":[0,0],"61":[0,0],"62":[0,0],"63":[0,0],"64":[0,0],"65":[0,0],"66":[0,0],"67":[0,0],"68":[0,0],"69":[0,0],"70":[0,0],"71":[0,0,0,0,0],"72":[0,0],"73":[0,0],"74":[0,0],"75":[0,0],"76":[0,0],"77":[0,0],"78":[0,0,0],"79":[0,0],"80":[0,0],"81":[0,0],"82":[0,0],"83":[0,0],"84":[0,0],"85":[0,0],"86":[0,0],"87":[0,0],"88":[0,0],"89":[0,0],"90":[0,0],"91":[0,0],"92":[0,0],"93":[0,0],"94":[0,0],"95":[0,0],"96":[0,0],"97":[0,0],"98":[0,0],"99":[0,0],"100":[0,0],"101":[0,0],"102":[0,0],"103":[0,0],"104":[0,0],"105":[0,0,0],"106":[0,0],"107":[0,0],"108":[0,0],"109":[0,0],"110":[0,0],"111":[0,0,0],"112":[0,0],"113":[0,0,0],"114":[0,0],"115":[0,0,0],"116":[0,0],"117":[0,0],"118":[0,0],"119":[0,0],"120":[0,0],"121":[0,0],"122":[0,0],"123":[0,0],"124":[0,0,0],"125":[0,0],"126":[0,0],"127":[0,0],"128":[0,0],"129":[0,0],"130":[0,0],"131":[0,0],"132":[0,0],"133":[0,0],"134":[0,0],"135":[0,0],"136":[0,0],"137":[0,0],"138":[0,0],"139":[0,0],"140":[0,0],"141":[0,0],"142":[0,0],"143":[0,0],"144":[0,0],"145":[0,0],"146":[0,0],"147":[0,0],"148":[0,0],"149":[0,0],"150":[0,0],"151":[0,0],"152":[0,0],"153":[0,0],"154":[0,0],"155":[0,0],"156":[0,0],"157":[0,0],"158":[0,0],"159":[0,0],"160":[0,0],"161":[0,0],"162":[0,0],"163":[0,0],"164":[0,0],"165":[0,0],"166":[0,0],"167":[0,0],"168":[0,0,0],"169":[0,0],"170":[0,0],"171":[0,0,0],"172":[0,0],"173":[0,0,0],"174":[0,0],"175":[0,0],"176":[0,0],"177":[0,0],"178":[0,0],"179":[0,0],"180":[0,0],"181":[0,0],"182":[0,0],"183":[0,0],"184":[0,0]},"f":{"1":83,"2":83,"3":0,"4":0,"5":0,"6":0,"7":0,"8":1,"9":0,"10":0,"11":0,"12":0,"13":0,"14":5,"15":0,"16":0,"17":0,"18":0,"19":0,"20":0,"21":0,"22":0,"23":0,"24":0,"25":0,"26":0,"27":0,"28":0,"29":0,"30":0,"31":0,"32":0,"33":0,"34":0,"35":0,"36":0,"37":0,"38":0,"39":0,"40":0,"41":0,"42":0,"43":0,"44":0,"45":0,"46":0,"47":0,"48":0,"49":0,"50":0,"51":0,"52":0,"53":0,"54":0,"55":0,"56":0,"57":0,"58":0,"59":0,"60":0,"61":0,"62":0,"63":0},"fnMap":{"1":{"name":"(anonymous_1)","line":52,"loc":{"start":{"line":52,"column":20},"end":{"line":52,"column":38}}},"2":{"name":"(anonymous_2)","line":56,"loc":{"start":{"line":56,"column":13},"end":{"line":56,"column":24}}},"3":{"name":"(anonymous_3)","line":93,"loc":{"start":{"line":93,"column":13},"end":{"line":93,"column":36}}},"4":{"name":"(anonymous_4)","line":94,"loc":{"start":{"line":94,"column":50},"end":{"line":94,"column":68}}},"5":{"name":"(anonymous_5)","line":97,"loc":{"start":{"line":97,"column":44},"end":{"line":97,"column":59}}},"6":{"name":"(anonymous_6)","line":116,"loc":{"start":{"line":116,"column":14},"end":{"line":116,"column":37}}},"7":{"name":"(anonymous_7)","line":117,"loc":{"start":{"line":117,"column":50},"end":{"line":117,"column":68}}},"8":{"name":"(anonymous_8)","line":132,"loc":{"start":{"line":132,"column":14},"end":{"line":132,"column":40}}},"9":{"name":"(anonymous_9)","line":163,"loc":{"start":{"line":163,"column":11},"end":{"line":163,"column":23}}},"10":{"name":"(anonymous_10)","line":250,"loc":{"start":{"line":250,"column":12},"end":{"line":250,"column":41}}},"11":{"name":"(anonymous_11)","line":349,"loc":{"start":{"line":349,"column":27},"end":{"line":349,"column":39}}},"12":{"name":"(anonymous_12)","line":393,"loc":{"start":{"line":393,"column":26},"end":{"line":393,"column":45}}},"13":{"name":"(anonymous_13)","line":437,"loc":{"start":{"line":437,"column":13},"end":{"line":437,"column":34}}},"14":{"name":"(anonymous_14)","line":464,"loc":{"start":{"line":464,"column":46},"end":{"line":464,"column":62}}},"15":{"name":"(anonymous_15)","line":465,"loc":{"start":{"line":465,"column":16},"end":{"line":465,"column":31}}},"16":{"name":"(anonymous_16)","line":481,"loc":{"start":{"line":481,"column":13},"end":{"line":481,"column":38}}},"17":{"name":"(anonymous_17)","line":498,"loc":{"start":{"line":498,"column":23},"end":{"line":498,"column":39}}},"18":{"name":"(anonymous_18)","line":499,"loc":{"start":{"line":499,"column":28},"end":{"line":499,"column":44}}},"19":{"name":"(anonymous_19)","line":504,"loc":{"start":{"line":504,"column":18},"end":{"line":504,"column":44}}},"20":{"name":"(anonymous_20)","line":537,"loc":{"start":{"line":537,"column":15},"end":{"line":537,"column":28}}},"21":{"name":"(anonymous_21)","line":542,"loc":{"start":{"line":542,"column":10},"end":{"line":542,"column":30}}},"22":{"name":"(anonymous_22)","line":560,"loc":{"start":{"line":560,"column":15},"end":{"line":560,"column":31}}},"23":{"name":"(anonymous_23)","line":564,"loc":{"start":{"line":564,"column":21},"end":{"line":564,"column":48}}},"24":{"name":"(anonymous_24)","line":685,"loc":{"start":{"line":685,"column":18},"end":{"line":685,"column":43}}},"25":{"name":"(anonymous_25)","line":701,"loc":{"start":{"line":701,"column":15},"end":{"line":701,"column":62}}},"26":{"name":"(anonymous_26)","line":747,"loc":{"start":{"line":747,"column":13},"end":{"line":747,"column":36}}},"27":{"name":"(anonymous_27)","line":748,"loc":{"start":{"line":748,"column":37},"end":{"line":748,"column":54}}},"28":{"name":"(anonymous_28)","line":757,"loc":{"start":{"line":757,"column":14},"end":{"line":757,"column":37}}},"29":{"name":"(anonymous_29)","line":759,"loc":{"start":{"line":759,"column":37},"end":{"line":759,"column":54}}},"30":{"name":"(anonymous_30)","line":770,"loc":{"start":{"line":770,"column":15},"end":{"line":770,"column":38}}},"31":{"name":"(anonymous_31)","line":771,"loc":{"start":{"line":771,"column":37},"end":{"line":771,"column":54}}},"32":{"name":"(anonymous_32)","line":779,"loc":{"start":{"line":779,"column":13},"end":{"line":779,"column":48}}},"33":{"name":"(anonymous_33)","line":781,"loc":{"start":{"line":781,"column":37},"end":{"line":781,"column":54}}},"34":{"name":"(anonymous_34)","line":789,"loc":{"start":{"line":789,"column":15},"end":{"line":789,"column":38}}},"35":{"name":"(anonymous_35)","line":790,"loc":{"start":{"line":790,"column":37},"end":{"line":790,"column":54}}},"36":{"name":"(anonymous_36)","line":798,"loc":{"start":{"line":798,"column":12},"end":{"line":798,"column":35}}},"37":{"name":"(anonymous_37)","line":799,"loc":{"start":{"line":799,"column":37},"end":{"line":799,"column":54}}},"38":{"name":"(anonymous_38)","line":807,"loc":{"start":{"line":807,"column":14},"end":{"line":807,"column":49}}},"39":{"name":"(anonymous_39)","line":809,"loc":{"start":{"line":809,"column":37},"end":{"line":809,"column":54}}},"40":{"name":"(anonymous_40)","line":817,"loc":{"start":{"line":817,"column":20},"end":{"line":817,"column":48}}},"41":{"name":"(anonymous_41)","line":818,"loc":{"start":{"line":818,"column":37},"end":{"line":818,"column":54}}},"42":{"name":"(anonymous_42)","line":833,"loc":{"start":{"line":833,"column":16},"end":{"line":833,"column":46}}},"43":{"name":"(anonymous_43)","line":840,"loc":{"start":{"line":840,"column":22},"end":{"line":840,"column":39}}},"44":{"name":"(anonymous_44)","line":843,"loc":{"start":{"line":843,"column":21},"end":{"line":843,"column":33}}},"45":{"name":"(anonymous_45)","line":856,"loc":{"start":{"line":856,"column":21},"end":{"line":856,"column":41}}},"46":{"name":"(anonymous_46)","line":857,"loc":{"start":{"line":857,"column":18},"end":{"line":857,"column":34}}},"47":{"name":"(anonymous_47)","line":873,"loc":{"start":{"line":873,"column":16},"end":{"line":873,"column":52}}},"48":{"name":"(anonymous_48)","line":894,"loc":{"start":{"line":894,"column":20},"end":{"line":894,"column":37}}},"49":{"name":"(anonymous_49)","line":913,"loc":{"start":{"line":913,"column":19},"end":{"line":913,"column":31}}},"50":{"name":"(anonymous_50)","line":928,"loc":{"start":{"line":928,"column":13},"end":{"line":928,"column":27}}},"51":{"name":"isInt","line":931,"loc":{"start":{"line":931,"column":4},"end":{"line":931,"column":22}}},"52":{"name":"isFloat","line":935,"loc":{"start":{"line":935,"column":4},"end":{"line":935,"column":23}}},"53":{"name":"(anonymous_53)","line":956,"loc":{"start":{"line":956,"column":11},"end":{"line":956,"column":31}}},"54":{"name":"(anonymous_54)","line":970,"loc":{"start":{"line":970,"column":19},"end":{"line":970,"column":40}}},"55":{"name":"(anonymous_55)","line":971,"loc":{"start":{"line":971,"column":35},"end":{"line":971,"column":60}}},"56":{"name":"(anonymous_56)","line":988,"loc":{"start":{"line":988,"column":29},"end":{"line":988,"column":46}}},"57":{"name":"(anonymous_57)","line":990,"loc":{"start":{"line":990,"column":17},"end":{"line":990,"column":37}}},"58":{"name":"(anonymous_58)","line":992,"loc":{"start":{"line":992,"column":32},"end":{"line":992,"column":47}}},"59":{"name":"(anonymous_59)","line":1016,"loc":{"start":{"line":1016,"column":11},"end":{"line":1016,"column":45}}},"60":{"name":"(anonymous_60)","line":1017,"loc":{"start":{"line":1017,"column":39},"end":{"line":1017,"column":70}}},"61":{"name":"(anonymous_61)","line":1038,"loc":{"start":{"line":1038,"column":15},"end":{"line":1038,"column":53}}},"62":{"name":"(anonymous_62)","line":1092,"loc":{"start":{"line":1092,"column":14},"end":{"line":1092,"column":45}}},"63":{"name":"(anonymous_63)","line":1106,"loc":{"start":{"line":1106,"column":35},"end":{"line":1106,"column":47}}}},"statementMap":{"1":{"start":{"line":27,"column":0},"end":{"line":31,"column":15}},"2":{"start":{"line":33,"column":0},"end":{"line":33,"column":15}},"3":{"start":{"line":34,"column":0},"end":{"line":34,"column":19}},"4":{"start":{"line":35,"column":0},"end":{"line":35,"column":14}},"5":{"start":{"line":36,"column":0},"end":{"line":36,"column":13}},"6":{"start":{"line":38,"column":0},"end":{"line":38,"column":17}},"7":{"start":{"line":39,"column":0},"end":{"line":39,"column":14}},"8":{"start":{"line":40,"column":0},"end":{"line":40,"column":19}},"9":{"start":{"line":42,"column":0},"end":{"line":42,"column":15}},"10":{"start":{"line":43,"column":0},"end":{"line":43,"column":22}},"11":{"start":{"line":51,"column":0},"end":{"line":51,"column":16}},"12":{"start":{"line":52,"column":0},"end":{"line":61,"column":2}},"13":{"start":{"line":53,"column":4},"end":{"line":60,"column":7}},"14":{"start":{"line":57,"column":12},"end":{"line":57,"column":38}},"15":{"start":{"line":58,"column":12},"end":{"line":58,"column":58}},"16":{"start":{"line":62,"column":0},"end":{"line":62,"column":41}},"17":{"start":{"line":63,"column":0},"end":{"line":65,"column":1}},"18":{"start":{"line":64,"column":4},"end":{"line":64,"column":26}},"19":{"start":{"line":67,"column":0},"end":{"line":67,"column":25}},"20":{"start":{"line":68,"column":0},"end":{"line":68,"column":27}},"21":{"start":{"line":70,"column":0},"end":{"line":70,"column":21}},"22":{"start":{"line":71,"column":0},"end":{"line":73,"column":1}},"23":{"start":{"line":72,"column":4},"end":{"line":72,"column":24}},"24":{"start":{"line":85,"column":0},"end":{"line":92,"column":1}},"25":{"start":{"line":93,"column":0},"end":{"line":115,"column":1}},"26":{"start":{"line":94,"column":4},"end":{"line":113,"column":7}},"27":{"start":{"line":95,"column":8},"end":{"line":111,"column":9}},"28":{"start":{"line":97,"column":12},"end":{"line":99,"column":15}},"29":{"start":{"line":98,"column":16},"end":{"line":98,"column":69}},"30":{"start":{"line":100,"column":12},"end":{"line":100,"column":18}},"31":{"start":{"line":104,"column":12},"end":{"line":104,"column":18}},"32":{"start":{"line":106,"column":12},"end":{"line":106,"column":39}},"33":{"start":{"line":107,"column":12},"end":{"line":107,"column":18}},"34":{"start":{"line":109,"column":12},"end":{"line":109,"column":57}},"35":{"start":{"line":110,"column":12},"end":{"line":110,"column":18}},"36":{"start":{"line":112,"column":8},"end":{"line":112,"column":30}},"37":{"start":{"line":114,"column":4},"end":{"line":114,"column":15}},"38":{"start":{"line":116,"column":0},"end":{"line":123,"column":1}},"39":{"start":{"line":117,"column":4},"end":{"line":121,"column":7}},"40":{"start":{"line":118,"column":8},"end":{"line":120,"column":9}},"41":{"start":{"line":119,"column":12},"end":{"line":119,"column":35}},"42":{"start":{"line":122,"column":4},"end":{"line":122,"column":15}},"43":{"start":{"line":132,"column":0},"end":{"line":154,"column":2}},"44":{"start":{"line":133,"column":4},"end":{"line":137,"column":5}},"45":{"start":{"line":134,"column":6},"end":{"line":134,"column":27}},"46":{"start":{"line":136,"column":6},"end":{"line":136,"column":24}},"47":{"start":{"line":138,"column":4},"end":{"line":138,"column":26}},"48":{"start":{"line":143,"column":4},"end":{"line":147,"column":5}},"49":{"start":{"line":146,"column":8},"end":{"line":146,"column":30}},"50":{"start":{"line":148,"column":4},"end":{"line":148,"column":48}},"51":{"start":{"line":149,"column":4},"end":{"line":149,"column":24}},"52":{"start":{"line":150,"column":4},"end":{"line":150,"column":37}},"53":{"start":{"line":151,"column":4},"end":{"line":151,"column":27}},"54":{"start":{"line":152,"column":4},"end":{"line":152,"column":21}},"55":{"start":{"line":153,"column":4},"end":{"line":153,"column":23}},"56":{"start":{"line":155,"column":0},"end":{"line":155,"column":26}},"57":{"start":{"line":163,"column":0},"end":{"line":230,"column":2}},"58":{"start":{"line":164,"column":4},"end":{"line":167,"column":5}},"59":{"start":{"line":165,"column":8},"end":{"line":165,"column":22}},"60":{"start":{"line":166,"column":8},"end":{"line":166,"column":27}},"61":{"start":{"line":169,"column":4},"end":{"line":169,"column":20}},"62":{"start":{"line":172,"column":4},"end":{"line":176,"column":5}},"63":{"start":{"line":173,"column":8},"end":{"line":173,"column":38}},"64":{"start":{"line":174,"column":8},"end":{"line":174,"column":34}},"65":{"start":{"line":175,"column":8},"end":{"line":175,"column":24}},"66":{"start":{"line":178,"column":4},"end":{"line":180,"column":5}},"67":{"start":{"line":179,"column":8},"end":{"line":179,"column":21}},"68":{"start":{"line":182,"column":4},"end":{"line":182,"column":28}},"69":{"start":{"line":185,"column":4},"end":{"line":190,"column":5}},"70":{"start":{"line":186,"column":8},"end":{"line":188,"column":9}},"71":{"start":{"line":187,"column":12},"end":{"line":187,"column":40}},"72":{"start":{"line":189,"column":8},"end":{"line":189,"column":21}},"73":{"start":{"line":193,"column":4},"end":{"line":200,"column":5}},"74":{"start":{"line":194,"column":8},"end":{"line":194,"column":32}},"75":{"start":{"line":195,"column":8},"end":{"line":195,"column":26}},"76":{"start":{"line":198,"column":8},"end":{"line":198,"column":38}},"77":{"start":{"line":199,"column":8},"end":{"line":199,"column":52}},"78":{"start":{"line":203,"column":4},"end":{"line":206,"column":5}},"79":{"start":{"line":204,"column":8},"end":{"line":204,"column":40}},"80":{"start":{"line":205,"column":8},"end":{"line":205,"column":26}},"81":{"start":{"line":208,"column":4},"end":{"line":208,"column":16}},"82":{"start":{"line":211,"column":4},"end":{"line":224,"column":5}},"83":{"start":{"line":212,"column":8},"end":{"line":212,"column":43}},"84":{"start":{"line":213,"column":8},"end":{"line":213,"column":42}},"85":{"start":{"line":214,"column":8},"end":{"line":214,"column":30}},"86":{"start":{"line":216,"column":8},"end":{"line":220,"column":9}},"87":{"start":{"line":219,"column":12},"end":{"line":219,"column":49}},"88":{"start":{"line":221,"column":8},"end":{"line":223,"column":9}},"89":{"start":{"line":222,"column":12},"end":{"line":222,"column":46}},"90":{"start":{"line":227,"column":4},"end":{"line":227,"column":49}},"91":{"start":{"line":229,"column":4},"end":{"line":229,"column":20}},"92":{"start":{"line":250,"column":0},"end":{"line":384,"column":2}},"93":{"start":{"line":251,"column":4},"end":{"line":252,"column":26}},"94":{"start":{"line":253,"column":4},"end":{"line":253,"column":26}},"95":{"start":{"line":254,"column":4},"end":{"line":254,"column":27}},"96":{"start":{"line":255,"column":4},"end":{"line":255,"column":34}},"97":{"start":{"line":256,"column":4},"end":{"line":258,"column":5}},"98":{"start":{"line":257,"column":8},"end":{"line":257,"column":45}},"99":{"start":{"line":259,"column":4},"end":{"line":359,"column":5}},"100":{"start":{"line":260,"column":8},"end":{"line":260,"column":21}},"101":{"start":{"line":261,"column":8},"end":{"line":328,"column":9}},"102":{"start":{"line":262,"column":12},"end":{"line":264,"column":13}},"103":{"start":{"line":263,"column":16},"end":{"line":263,"column":25}},"104":{"start":{"line":265,"column":12},"end":{"line":267,"column":13}},"105":{"start":{"line":266,"column":16},"end":{"line":266,"column":39}},"106":{"start":{"line":268,"column":12},"end":{"line":327,"column":13}},"107":{"start":{"line":269,"column":16},"end":{"line":269,"column":28}},"108":{"start":{"line":270,"column":16},"end":{"line":273,"column":17}},"109":{"start":{"line":271,"column":20},"end":{"line":271,"column":39}},"110":{"start":{"line":272,"column":20},"end":{"line":272,"column":26}},"111":{"start":{"line":274,"column":16},"end":{"line":274,"column":35}},"112":{"start":{"line":275,"column":16},"end":{"line":277,"column":17}},"113":{"start":{"line":276,"column":20},"end":{"line":276,"column":51}},"114":{"start":{"line":278,"column":16},"end":{"line":286,"column":17}},"115":{"start":{"line":279,"column":20},"end":{"line":283,"column":21}},"116":{"start":{"line":280,"column":24},"end":{"line":282,"column":25}},"117":{"start":{"line":281,"column":28},"end":{"line":281,"column":54}},"118":{"start":{"line":284,"column":20},"end":{"line":284,"column":100}},"119":{"start":{"line":285,"column":20},"end":{"line":285,"column":26}},"120":{"start":{"line":287,"column":16},"end":{"line":289,"column":17}},"121":{"start":{"line":288,"column":20},"end":{"line":288,"column":70}},"122":{"start":{"line":290,"column":16},"end":{"line":325,"column":17}},"123":{"start":{"line":292,"column":20},"end":{"line":292,"column":60}},"124":{"start":{"line":293,"column":20},"end":{"line":293,"column":26}},"125":{"start":{"line":297,"column":20},"end":{"line":297,"column":58}},"126":{"start":{"line":298,"column":20},"end":{"line":298,"column":26}},"127":{"start":{"line":300,"column":20},"end":{"line":300,"column":59}},"128":{"start":{"line":301,"column":20},"end":{"line":301,"column":26}},"129":{"start":{"line":303,"column":20},"end":{"line":303,"column":60}},"130":{"start":{"line":304,"column":20},"end":{"line":304,"column":26}},"131":{"start":{"line":306,"column":20},"end":{"line":306,"column":77}},"132":{"start":{"line":307,"column":20},"end":{"line":307,"column":26}},"133":{"start":{"line":309,"column":20},"end":{"line":309,"column":60}},"134":{"start":{"line":310,"column":20},"end":{"line":310,"column":26}},"135":{"start":{"line":312,"column":20},"end":{"line":312,"column":76}},"136":{"start":{"line":313,"column":20},"end":{"line":313,"column":26}},"137":{"start":{"line":315,"column":20},"end":{"line":315,"column":57}},"138":{"start":{"line":316,"column":20},"end":{"line":316,"column":26}},"139":{"start":{"line":318,"column":20},"end":{"line":318,"column":39}},"140":{"start":{"line":319,"column":20},"end":{"line":319,"column":26}},"141":{"start":{"line":321,"column":20},"end":{"line":321,"column":40}},"142":{"start":{"line":322,"column":20},"end":{"line":322,"column":26}},"143":{"start":{"line":324,"column":21},"end":{"line":324,"column":78}},"144":{"start":{"line":326,"column":16},"end":{"line":326,"column":22}},"145":{"start":{"line":329,"column":8},"end":{"line":358,"column":9}},"146":{"start":{"line":330,"column":12},"end":{"line":356,"column":13}},"147":{"start":{"line":331,"column":16},"end":{"line":331,"column":31}},"148":{"start":{"line":332,"column":19},"end":{"line":356,"column":13}},"149":{"start":{"line":333,"column":16},"end":{"line":335,"column":17}},"150":{"start":{"line":334,"column":20},"end":{"line":334,"column":43}},"151":{"start":{"line":336,"column":16},"end":{"line":336,"column":60}},"152":{"start":{"line":337,"column":16},"end":{"line":337,"column":27}},"153":{"start":{"line":338,"column":16},"end":{"line":338,"column":22}},"154":{"start":{"line":339,"column":19},"end":{"line":356,"column":13}},"155":{"start":{"line":340,"column":16},"end":{"line":340,"column":25}},"156":{"start":{"line":341,"column":19},"end":{"line":356,"column":13}},"157":{"start":{"line":342,"column":16},"end":{"line":342,"column":63}},"158":{"start":{"line":343,"column":16},"end":{"line":343,"column":25}},"159":{"start":{"line":344,"column":19},"end":{"line":356,"column":13}},"160":{"start":{"line":345,"column":16},"end":{"line":345,"column":43}},"161":{"start":{"line":346,"column":16},"end":{"line":346,"column":25}},"162":{"start":{"line":347,"column":19},"end":{"line":356,"column":13}},"163":{"start":{"line":348,"column":16},"end":{"line":348,"column":40}},"164":{"start":{"line":349,"column":16},"end":{"line":351,"column":32}},"165":{"start":{"line":350,"column":20},"end":{"line":350,"column":71}},"166":{"start":{"line":352,"column":16},"end":{"line":352,"column":25}},"167":{"start":{"line":353,"column":19},"end":{"line":356,"column":13}},"168":{"start":{"line":354,"column":16},"end":{"line":354,"column":45}},"169":{"start":{"line":355,"column":16},"end":{"line":355,"column":25}},"170":{"start":{"line":357,"column":12},"end":{"line":357,"column":52}},"171":{"start":{"line":361,"column":4},"end":{"line":369,"column":5}},"172":{"start":{"line":362,"column":8},"end":{"line":362,"column":75}},"173":{"start":{"line":363,"column":8},"end":{"line":368,"column":9}},"174":{"start":{"line":364,"column":12},"end":{"line":364,"column":40}},"175":{"start":{"line":365,"column":12},"end":{"line":365,"column":21}},"176":{"start":{"line":366,"column":15},"end":{"line":368,"column":9}},"177":{"start":{"line":367,"column":12},"end":{"line":367,"column":38}},"178":{"start":{"line":370,"column":4},"end":{"line":381,"column":5}},"179":{"start":{"line":371,"column":8},"end":{"line":380,"column":9}},"180":{"start":{"line":372,"column":12},"end":{"line":376,"column":13}},"181":{"start":{"line":373,"column":16},"end":{"line":373,"column":31}},"182":{"start":{"line":375,"column":16},"end":{"line":375,"column":86}},"183":{"start":{"line":377,"column":12},"end":{"line":377,"column":31}},"184":{"start":{"line":379,"column":12},"end":{"line":379,"column":68}},"185":{"start":{"line":382,"column":4},"end":{"line":382,"column":31}},"186":{"start":{"line":383,"column":4},"end":{"line":383,"column":18}},"187":{"start":{"line":393,"column":0},"end":{"line":422,"column":2}},"188":{"start":{"line":394,"column":4},"end":{"line":394,"column":13}},"189":{"start":{"line":395,"column":4},"end":{"line":399,"column":5}},"190":{"start":{"line":396,"column":8},"end":{"line":396,"column":41}},"191":{"start":{"line":398,"column":8},"end":{"line":398,"column":28}},"192":{"start":{"line":400,"column":4},"end":{"line":400,"column":47}},"193":{"start":{"line":401,"column":4},"end":{"line":403,"column":5}},"194":{"start":{"line":402,"column":8},"end":{"line":402,"column":23}},"195":{"start":{"line":404,"column":4},"end":{"line":412,"column":5}},"196":{"start":{"line":405,"column":8},"end":{"line":405,"column":22}},"197":{"start":{"line":406,"column":8},"end":{"line":406,"column":24}},"198":{"start":{"line":407,"column":8},"end":{"line":407,"column":26}},"199":{"start":{"line":407,"column":20},"end":{"line":407,"column":26}},"200":{"start":{"line":408,"column":8},"end":{"line":410,"column":39}},"201":{"start":{"line":409,"column":12},"end":{"line":410,"column":39}},"202":{"start":{"line":410,"column":16},"end":{"line":410,"column":39}},"203":{"start":{"line":411,"column":8},"end":{"line":411,"column":24}},"204":{"start":{"line":413,"column":4},"end":{"line":413,"column":20}},"205":{"start":{"line":414,"column":4},"end":{"line":421,"column":5}},"206":{"start":{"line":415,"column":8},"end":{"line":415,"column":23}},"207":{"start":{"line":416,"column":11},"end":{"line":421,"column":5}},"208":{"start":{"line":417,"column":8},"end":{"line":417,"column":121}},"209":{"start":{"line":419,"column":8},"end":{"line":419,"column":20}},"210":{"start":{"line":420,"column":8},"end":{"line":420,"column":107}},"211":{"start":{"line":437,"column":0},"end":{"line":463,"column":2}},"212":{"start":{"line":438,"column":4},"end":{"line":438,"column":12}},"213":{"start":{"line":439,"column":4},"end":{"line":453,"column":5}},"214":{"start":{"line":441,"column":8},"end":{"line":441,"column":62}},"215":{"start":{"line":442,"column":8},"end":{"line":442,"column":14}},"216":{"start":{"line":444,"column":8},"end":{"line":444,"column":64}},"217":{"start":{"line":445,"column":8},"end":{"line":445,"column":14}},"218":{"start":{"line":448,"column":8},"end":{"line":448,"column":64}},"219":{"start":{"line":449,"column":8},"end":{"line":449,"column":14}},"220":{"start":{"line":451,"column":8},"end":{"line":451,"column":58}},"221":{"start":{"line":452,"column":8},"end":{"line":452,"column":14}},"222":{"start":{"line":454,"column":4},"end":{"line":454,"column":26}},"223":{"start":{"line":455,"column":4},"end":{"line":458,"column":5}},"224":{"start":{"line":456,"column":8},"end":{"line":456,"column":27}},"225":{"start":{"line":457,"column":8},"end":{"line":457,"column":27}},"226":{"start":{"line":459,"column":4},"end":{"line":461,"column":5}},"227":{"start":{"line":460,"column":8},"end":{"line":460,"column":15}},"228":{"start":{"line":462,"column":4},"end":{"line":462,"column":23}},"229":{"start":{"line":464,"column":0},"end":{"line":468,"column":3}},"230":{"start":{"line":465,"column":4},"end":{"line":467,"column":6}},"231":{"start":{"line":466,"column":8},"end":{"line":466,"column":30}},"232":{"start":{"line":481,"column":0},"end":{"line":489,"column":2}},"233":{"start":{"line":482,"column":4},"end":{"line":487,"column":5}},"234":{"start":{"line":483,"column":8},"end":{"line":483,"column":35}},"235":{"start":{"line":485,"column":8},"end":{"line
[...]
');","    }","    if (enable.help && seen_opts.indexOf('h') === -1 && seen_opts.indexOf('help') === -1) {","        console.error(pad('  -h, --help', switch_pad) + 'Display help and usage details');","    }","    if (command_list.length) {","        console.error('\\n\\x1b[1mCommands\\x1b[0m: ');","        if (!Array.isArray(commands)) {","            for (var c in commands) {","                line = '  ' + pad(c, switch_pad - 2);","                line += trunc_desc(line, commands[c]);","                console.error(line);","            }","        } else {","            command_list.sort();","            console.error('  ' + trunc_desc('  ', command_list.join(', ')));","        }","    }","    return cli.exit(code);","};","","/**"," * Generates an error message when an opt is incorrectly used."," *"," * @param {String} expects (e.g. 'a value')"," * @param {String} type (e.g. 'VALUE')"," * @api public"," */","cli.getOptError = function (expects, type) {","    var err = full_opt + ' expects ' + expects","            + '. Use `' + cli.app + ' ' + full_opt + (is_long ? '=' : ' ') + type + '`';","    return err;","};","","/**"," * Gets the next opt value and validates it with an optional validation"," * function. If validation fails or no value can be obtained, this method"," * will return the default value (if specified) or exit with err_msg."," *"," * @param {String} default_val"," * @param {Function} validate_func"," * @param {String} err_msg"," * @api public"," */","cli.getValue = function (default_val, validate_func, err_msg) {","    err_msg = err_msg || cli.getOptError('a value', 'VALUE');","","    var value;","","    try {","        if (curr_val) {","            if (validate_func) {","                curr_val = validate_func(curr_val);","            }","            return curr_val;","        }","","        //Grouped short opts aren't allowed to have values","        if (short_tags.length) {","            throw 'Short tags';","        }","","        //If there's no args left or the next arg is an opt, return the","        //default value (if specified) - otherwise fail","        if (!argv.length || (argv[0].length === 1 && argv[0][0] === '-')) {","            throw 'No value';","        }","","        value = argv.shift();","","        if (value.match(/^[0-9]+$/)) {","            value = parseInt(value, 10);","        }","","        //Run the value through a validation/transformation function if specified","        if (validate_func) {","            value = validate_func(value);","        }","    } catch (e) {","","        //The value didn't pass the validation/transformation. Unshift the value and","        //return the default value (if specified)","        if (value) {","            argv.unshift(value);","        }","        return default_val != null ? default_val : cli.fatal(err_msg);","    }","    return value;","};","","cli.getInt = function (default_val) {","    return cli.getValue(default_val, function (value) {","        if (typeof value === 'number') return value;","        if (!value.match(/^(?:-?(?:0|[1-9][0-9]*))$/)) {","            throw 'Invalid int';","        }","        return parseInt(value);","    }, cli.getOptError('a number', 'NUMBER'));","}","","cli.getDate = function (default_val) {","","    return cli.getValue(default_val, function (value) {","        if (cli.toType(value) === 'date') return value;","        value = new Date(value);","        if ( ! value.getTime() ) {","            throw value.toString();","        }","","        return value;","    }, cli.getOptError('a date', 'DATE'));","}","","cli.getFloat = function (default_val) {","    return cli.getValue(default_val, function (value) {","        if (!value.match(/^(?:-?(?:0|[1-9][0-9]*))?(?:\\.[0-9]*)?$/)) {","            throw 'Invalid float';","        }","        return parseFloat(value, 10);","    }, cli.getOptError('a number', 'NUMBER'));","}","","cli.getUrl = function (default_val, identifier) {","    identifier = identifier || 'url';","    return cli.getValue(default_val, function (value) {","        if (!value.match(/^(?:(?:ht|f)tp(?:s?)\\:\\/\\/|~\\/|\\/)?(?:\\w+:\\w+@)?((?:(?:[-\\w\\d{1-3}]+\\.)+(?:com|org|net|gov|mil|biz|info|mobi|name|aero|jobs|edu|co\\.uk|ac\\.uk|it|fr|tv|museum|asia|local|travel|[a-z]{2})?)|((\\b25[0-5]\\b|\\b[2][0-4][0-9]\\b|\\b[0-1]?[0-9]?[0-9]\\b)(\\.(\\b25[0-5]\\b|\\b[2][0-4][0-9]\\b|\\b[0-1]?[0-9]?[0-9]\\b)){3}))(?::[\\d]{1,5})?(?:(?:(?:\\/(?:[-\\w~!$+|.,=]|%[a-f\\d]{2})+)+|\\/)+|\\?|#)?(?:(?:\\?(?:[-\\w~!$+|.,*:]|%[a-f\\d{2}])+=?(?:[-\\w~!$+|.,*:=]|%[a-f\\d]{2})*)(?:&(?:[-\\w~!$+|.,*:]|%[a-f\\d{2}])+=?(?:[-\\w~!$+|.,*:=]|%[a-f\\d]{2})*)*)*(?:#(?:[-\\w~!$ |\\/.,*:;=]|%[a-f\\d]{2})*)?$/i)) {","            throw 'Invalid URL';","        }","        return value;","    }, cli.getOptError('a ' + identifier, identifier.toUpperCase()));","}","","cli.getEmail = function (default_val) {","    return cli.getValue(default_val, function (value) {","        if (!value.match(/^(?:[\\w\\!\\#\\$\\%\\&\\'\\*\\+\\-\\/\\=\\?\\^\\`\\{\\|\\}\\~]+\\.)*[\\w\\!\\#\\$\\%\\&\\'\\*\\+\\-\\/\\=\\?\\^\\`\\{\\|\\}\\~]+@(?:(?:(?:[a-zA-Z0-9](?:[a-zA-Z0-9\\-](?!\\.)){0,61}[a-zA-Z0-9]?\\.)+[a-zA-Z0-9](?:[a-zA-Z0-9\\-](?!$)){0,61}[a-zA-Z0-9]?)|(?:\\[(?:(?:[01]?\\d{1,2}|2[0-4]\\d|25[0-5])\\.){3}(?:[01]?\\d{1,2}|2[0-4]\\d|25[0-5])\\]))$/)) {","            throw 'Invalid email';","        }","        return value;","    }, cli.getOptError('an email', 'EMAIL'));","}","","cli.getIp = function (default_val) {","    return cli.getValue(default_val, function (value) {","        if (!value.match(/^(?:(?:25[0-5]|2[0-4][0-9]|[01]?[0-9][0-9]?)\\.){3}(?:25[0-5]|2[0-4][0-9]|[01]?[0-9][0-9]?)$/)) {","            throw 'Invalid IP';","        }","        return value;","    }, cli.getOptError('an IP', 'IP'));","}","","cli.getPath = function (default_val, identifier) {","    identifier = identifier || 'path';","    return cli.getValue(default_val, function (value) {","        if (value.match(/[?*;{}]/)) {","            throw 'Invalid path';","        }","        return value;","    }, cli.getOptError('a ' + identifier, identifier.toUpperCase()));","}","","cli.getArrayValue = function (arr, default_val) {","    return cli.getValue(default_val, function (value) {","        if (arr.indexOf(value) === -1) {","            throw 'Unexpected value';","        }","        return value;","    }, cli.getOptError('either [' + arr.join('|') + ']', 'VALUE'));","}","","/**"," * Gets all data from STDIN (with optional encoding) and sends it to callback."," *"," * @param {String} encoding (optional - default is 'utf8')"," * @param {Function} callback"," * @api public"," */","cli.withStdin = function (encoding, callback) {","    if (typeof encoding === 'function') {","        callback = encoding;","        encoding = 'utf8';","    }","    var stream = process.openStdin(), data = '';","    stream.setEncoding(encoding);","    stream.on('data', function (chunk) {","        data += chunk;","    });","    stream.on('end', function () {","        callback.apply(cli, [data]);","    });","};","","/**"," * Gets all data from STDIN, splits the data into lines and sends it"," * to callback (callback isn't called until all of STDIN is read. To"," * process each line as it's received, see the method below"," *"," * @param {Function} callback"," * @api public"," */","cli.withStdinLines = function (callback) {","    cli.withStdin(function (data) {","        var sep = data.indexOf('\\r\\n') !== -1 ? '\\r\\n' : '\\n';","        callback.apply(cli, [data.split(sep), sep]);","    });","};","","/**"," * Asynchronously reads a file line by line. When a line is received,"," * callback is called with (line, sep) - when EOF is reached, callback"," * receives (null, null, true)"," *"," * @param {String} file (optional - default is 'stdin')"," * @param {String} encoding (optional - default is 'utf8')"," * @param {Function} callback (line, sep, eof)"," * @api public"," */","cli.withInput = function (file, encoding, callback) {","    if (typeof encoding === 'function') {","        callback = encoding;","        encoding = 'utf8';","    } else if (typeof file === 'function') {","        callback = file;","        encoding = 'utf8';","        file = 'stdin';","    }","    if (file === 'stdin') {","        file = process.openStdin();","    } else {","        try {","            file = cli.native.fs.createReadStream(file);","            file.on('error', cli.fatal);","        } catch (e) {","            return cli.fatal(e);","        }","    }","    file.setEncoding(encoding);","    var lines = [], data = '', eof, sep;","    file.on('data', function (chunk) {","        if (eof) return;","        data += chunk;","        if (!sep) {","            if (data.indexOf('\\r\\n') !== -1) {","                sep = '\\r\\n';","            } else if (data.indexOf('\\n') !== -1) {","                sep = '\\n';","            } else {","                last_line = data;","                return;","            }","        }","        lines = data.split(sep);","        data = eof ? null : lines.pop();","        while (lines.length) {","            callback.apply(cli, [lines.shift(), sep, false]);","        }","    });","    file.on('end', function () {","        eof = true;","        if (data.length) {","            callback.apply(cli, [data, sep || '', false]);","        }","        callback.apply(cli, [null, null, true]);","    });","};","","/**"," * This function does a much better job at determining the object type than the typeof operator"," * @author Angus Croll  - https://javascriptweblog.wordpress.com/2011/08/08/fixing-the-javascript-typeof-operator/"," * @param  {Object} obj A Javascript object you wish to know the type of."," * @return {string}     A string describing the Object's type if it is indeed a built in JavaScript type."," */","cli.toType = function(obj) {","    var type = ({}).toString.call(obj).match(/\\s([a-zA-Z]+)/)[1].toLowerCase();","","    function isInt(n) {","        return Number(n) === n && n % 1 === 0;","    }","","    function isFloat(n){","        return n === Number(n) && n % 1 !== 0;","    }","","    if ( type === 'number' ) {","        if ( isInt(obj) ) {","            return 'integer';","        } else if ( isFloat(obj) ) {","            return 'float';","        }","    }","","    return type;","}","","/**"," * The main entry method. `callback` receives (args, options)"," *"," * @param {Function} callback"," * @api public"," */","cli.main = function (callback) {","    callback.call(cli, cli.args, cli.options);","}","","/**"," * Bind creationix's stack (https://github.com/creationix/stack)."," *"," * Create a simple middleware stack by calling:"," *"," *     cli.createServer(middleware).listen(port);"," *"," * @return {Server} server"," * @api public"," */","cli.createServer = function(/*layers*/) {","    var defaultStackErrorHandler = function (req, res, err) {","        if (err) {","            console.error(err.stack);","            res.writeHead(500, {\"Content-Type\": \"text/plain\"});","            return res.end(err.stack + \"\\n\");","        }","        res.writeHead(404, {\"Content-Type\": \"text/plain\"});","        res.end(\"Not Found\\n\");","    };","    var handle, error;","    handle = error = defaultStackErrorHandler;","    var layers = Array.prototype.slice.call(arguments);","","    //Allow createServer(a,b,c) and createServer([a,b,c])","    if (layers.length && layers[0] instanceof Array) {","        layers = layers[0];","    }","    layers.reverse().forEach(function (layer) {","        var child = handle;","        handle = function (req, res) {","            try {","                layer(req, res, function (err) {","                    if (err) return error(req, res, err);","                    child(req, res);","                });","            } catch (err) {","                error(req, res, err);","            }","        };","    });","    return cli.native.http.createServer(handle);","};","","/**"," * A wrapper for child_process.exec()."," *"," * If the child_process exits successfully, `callback` receives an array of"," * stdout lines. The current process exits if the child process has an error"," * and `errback` isn't defined."," *"," * @param {String} cmd"," * @param {Function} callback (optional)"," * @param {Function} errback (optional)"," * @api public"," */","cli.exec = function (cmd, callback, errback) {","    cli.native.child_process.exec(cmd, function (err, stdout, stderr) {","        err = err || stderr;","        if (err) {","            if (errback) {","                return errback(err, stdout);","            }","            return cli.fatal('exec() failed\\n' + err);","        }","        if (callback) {","            callback(stdout.split('\\n'));","        }","    });","};","","/**"," * Helper method for outputting a progress bar to the console."," *"," * @param {Number} progress (0 <= progress <= 1)"," * @api public"," */","var last_progress_call, progress_len = 74, min_progress_increase = 5, last_progress_percentage = 0;","cli.progress = function (progress, decimals, stream) {","    stream = stream || process.stdout;","    if (progress < 0 || progress > 1 || isNaN(progress)) return;","    if (!decimals) decimals = 0;","    var now = (new Date()).getTime();","    if (last_progress_call && (now - last_progress_call) < 100 && progress !== 1) {","        return; //Throttle progress calls","    }","    last_progress_call = now;","","    var pwr = Math.pow(10, decimals);","    var percentage_as_num = Math.floor(progress * 100 * pwr) / pwr;","    if (!stream.isTTY && percentage_as_num < 100 && percentage_as_num - last_progress_percentage < min_progress_increase) {","        return; //don't over-print if not TTY","    }","    last_progress_percentage = percentage_as_num;","    var percentage = percentage_as_num + '%';","    for (var i = 0; i < decimals; i++) {","        percentage += ' ';","    }","    if (!stream.isTTY) {","        if (percentage_as_num < 100) {","            stream.write(percentage + '...');","        }","        else {","            stream.write(percentage + '\\n');","            last_progress_percentage = 0;","        }","        return;","    }","    var bar_length = Math.floor(progress_len * progress),","        str       = '';","    if (bar_length == 0 && progress > 0) {","        bar_length = 1;","    }","    for (i = 1; i <= progress_len; i++) {","        str += i <= bar_length ? '#' : ' ';","    }","    stream.clearLine();","    stream.write('[' + str + '] ' +  percentage);","    if (progress === 1) {","        stream.write('\\n');","    } else {","        stream.cursorTo(0);","    }","};","","/**"," * Helper method for outputting a spinner to the console."," *"," * @param {String|Boolean} prefix (optional)"," * @api public"," */","var spinner_interval;","cli.spinner = function (prefix, end, stream) {","    stream = stream || process.stdout;","    if(!stream.isTTY) {","        stream.write(prefix + '\\n');","        return;","    }","    if (end) {","        stream.clearLine();","        stream.cursorTo(0);","        stream.write(prefix + '\\n');","        return clearInterval(spinner_interval);","    }","    prefix = prefix + ' ' || '';","    var spinner = ['-','\\\\','|','/'], i = 0, l = spinner.length;","    spinner_interval = setInterval(function () {","        stream.clearLine();","        stream.cursorTo(0);","        stream.write(prefix + spinner[i++]);","        if (i == l) i = 0;","    }, 200);","};",""],"l":{"27":1,"33":1,"34":1,"35":1,"36":1,"38":1,"39":1,"40":1,"42":1,"43":1,"51":1,"52":1,"53":83,"57":83,"58":83,"62":1,"63":1,"64":83,"67":1,"68":1,"70":1,"71":1,"72":0,"85":1,"93":1,"94":0,"95":0,"97":0,"98":0,"100":0,"104":0,"106":0,"107":0,"109":0,"110":0,"112":0,"114":0,"116":1,"117":0,"118":0,"119":0,"122":0,"132":1,"133":1,"134":0,"136":1,"138":1,"143":1,"146":1,"148":1,"149":1,"150":1,"151":1,"152":1,"153":1,"155":1,"163":1,"164":0,"165":0,"166":0,"169":0,"172":0,"173":0,"174":0,"175":0,"178":0,"179":0,"182":0,"185":0,"186":0,"187":0,"189":0,"193":0,"194":0,"195":0,"198":0,"199":0,"203":0,"204":0,"205":0,"208":0,"211":0,"212":0,"213":0,"214":0,"216":0,"219":0,"221":0,"222":0,"227":0,"229":0,"250":1,"251":0,"253":0,"254":0,"255":0,"256":0,"257":0,"259":0,"260":0,"261":0,"262":0,"263":0,"265":0,"266":0,"268":0,"269":0,"270":0,"271":0,"272":0,"274":0,"275":0,"276":0,"278":0,"279":0,"280":0,"281":0,"284":0,"285":0,"287":0,"288":0,"290":0,"292":0,"293":0,"297":0,"298":0,"300":0,"301":0,"303":0,"304":0,"306":0,"307":0,"309":0,"310":0,"312":0,"313":0,"315":0,"316":0,"318":0,"319":0,"321":0,"322":0,"324":0,"326":0,"329":0,"330":0,"331":0,"332":0,"333":0,"334":0,"336":0,"337":0,"338":0,"339":0,"340":0,"341":0,"342":0,"343":0,"344":0,"345":0,"346":0,"347":0,"348":0,"349":0,"350":0,"352":0,"353":0,"354":0,"355":0,"357":0,"361":0,"362":0,"363":0,"364":0,"365":0,"366":0,"367":0,"370":0,"371":0,"372":0,"373":0,"375":0,"377":0,"379":0,"382":0,"383":0,"393":1,"394":0,"395":0,"396":0,"398":0,"400":0,"401":0,"402":0,"404":0,"405":0,"406":0,"407":0,"408":0,"409":0,"410":0,"411":0,"413":0,"414":0,"415":0,"416":0,"417":0,"419":0,"420":0,"437":1,"438":0,"439":0,"441":0,"442":0,"444":0,"445":0,"448":0,"449":0,"451":0,"452":0,"454":0,"455":0,"456":0,"457":0,"459":0,"460":0,"462":0,"464":1,"465":5,"466":0,"481":1,"482":0,"483":0,"485":0,"486":0,"488":0,"498":1,"499":0,"500":0,"501":0,"502":0,"504":0,"505":0,"506":0,"507":0,"508":0,"510":0,"511":0,"516":0,"517":0,"518":0,"520":0,"526":0,"537":1,"538":0,"539":0,"542":1,"543":0,"544":0,"545":0,"547":0,"548":0,"549":0,"551":0,"560":1,"561":0,"564":0,"565":0,"568":0,"569":0,"571":0,"572":0,"573":0,"574":0,"575":0,"576":0,"577":0,"580":0,"583":0,"584":0,"585":0,"586":0,"588":0,"589":0,"591":0,"593":0,"594":0,"595":0,"597":0,"598":0,"602":0,"603":0,"604":0,"607":0,"608":0,"609":0,"611":0,"613":0,"614":0,"616":0,"618":0,"620":0,"621":0,"622":0,"623":0,"625":0,"626":0,"628":0,"629":0,"630":0,"632":0,"634":0,"635":0,"636":0,"637":0,"639":0,"640":0,"642":0,"643":0,"645":0,"646":0,"647":0,"649":0,"650":0,"653":0,"654":0,"656":0,"657":0,"659":0,"660":0,"662":0,"663":0,"664":0,"665":0,"666":0,"667":0,"668":0,"671":0,"672":0,"675":0,"685":1,"686":0,"688":0,"701":1,"702":0,"704":0,"706":0,"707":0,"708":0,"709":0,"711":0,"715":0,"716":0,"721":0,"722":0,"725":0,"727":0,"728":0,"732":0,"733":0,"739":0,"740":0,"742":0,"744":0,"747":1,"748":0,"749":0,"750":0,"751":0,"753":0,"757":1,"759":0,"760":0,"761":0,"762":0,"763":0,"766":0,"770":1,"771":0,"772":0,"773":0,"775":0,"779":1,"780":0,"781":0,"782":0,"783":0,"785":0,"789":1,"790":0,"791":0,"792":0,"794":0,"798":1,"799":0,"800":0,"801":0,"803":0,"807":1,"808":0,"809":0,"810":0,"811":0,"813":0,"817":1,"818":0,"819":0,"820":0,"822":0,"833":1,"834":0,"835":0,"836":0,"838":0,"839":0,"840":0,"841":0,"843":0,"844":0,"856":1,"857":0,"858":0,"859":0,"873":1,"874":0,"875":0,"876":0,"877":0,"878":0,"879":0,"880":0,"882":0,"883":0,"885":0,"886":0,"887":0,"889":0,"892":0,"893":0,"894":0,"895":0,"896":0,"897":0,"898":0,"899":0,"900":0,"901":0,"903":0,"904":0,"907":0,"908":0,"909":0,"910":0,"913":0,"914":0,"915":0,"916":0,"918":0,"928":1,"929":0,"931":1,"932":0,"935":1,"936":0,"939":0,"940":0,"941":0,"942":0,"943":0,"947":0,"956":1,"957":0,"970":1,"971":0,"972":0,"973":0,"974":0,"975":0,"977":0,"978":0,"980":0,"981":0,"982":0,"985":0,"986":0,"988":0,"989":0,"990":0,"991":0,"992":0,"993":0,"994":0,"997":0,"1001":0,"1016":1,"1017":0,"1018":0,"1019":0,"1020":0,"1021":0,"1023":0,"1025":0,"1026":0,"1037":1,"1038":1,"1039":0,"1040":0,"1041":0,"1042":0,"1043":0,"1044":0,"1046":0,"1048":0,"1049":0,"1050":0,"1051":0,"1053":0,"1054":0,"1055":0,"1056":0,"1058":0,"1059":0,"1060":0,"1063":0,"1064":0,"1066":0,"1068":0,"1070":0,"1071":0,"1073":0,"1074":0,"1076":0,"1077":0,"1078":0,"1079":0,"1081":0,"1091":1,"1092":1,"1093":0,"1094":0,"1095":0,"1096":0,"1098":0,"1099":0,"1100":0,"1101":0,"1102":0,"1104":0,"1105":0,"1106":0,"1107":0,"1108":0,"1109":0,"1110":0}}}